{"C:\\Users\\uservk\\Desktop\\NuevoFrontend\\frontend\\src\\components\\ErrorNotFound.vue": {"path":"C:\\Users\\uservk\\Desktop\\NuevoFrontend\\frontend\\src\\components\\ErrorNotFound.vue","statementMap":{"0":{"start":{"line":3,"column":16},"end":{"line":22,"column":3}},"1":{"start":{"line":4,"column":22},"end":{"line":13,"column":3}},"2":{"start":{"line":5,"column":4},"end":{"line":11,"column":6}},"3":{"start":{"line":8,"column":6},"end":{"line":8,"column":22}},"4":{"start":{"line":10,"column":6},"end":{"line":10,"column":83}},"5":{"start":{"line":10,"column":23},"end":{"line":10,"column":83}},"6":{"start":{"line":10,"column":71},"end":{"line":10,"column":83}},"7":{"start":{"line":12,"column":4},"end":{"line":12,"column":31}},"8":{"start":{"line":14,"column":2},"end":{"line":21,"column":4}},"9":{"start":{"line":15,"column":4},"end":{"line":15,"column":137}},"10":{"start":{"line":15,"column":47},"end":{"line":15,"column":137}},"11":{"start":{"line":16,"column":4},"end":{"line":16,"column":24}},"12":{"start":{"line":18,"column":6},"end":{"line":18,"column":27}},"13":{"start":{"line":20,"column":4},"end":{"line":20,"column":89}},"14":{"start":{"line":23,"column":0},"end":{"line":25,"column":3}},"15":{"start":{"line":26,"column":28},"end":{"line":26,"column":58}},"16":{"start":{"line":27,"column":33},"end":{"line":33,"column":28}},"17":{"start":{"line":28,"column":2},"end":{"line":28,"column":35}},"18":{"start":{"line":30,"column":4},"end":{"line":30,"column":68}},"19":{"start":{"line":32,"column":2},"end":{"line":32,"column":23}},"20":{"start":{"line":34,"column":0},"end":{"line":34,"column":32}},"21":{"start":{"line":35,"column":0},"end":{"line":35,"column":13}},"22":{"start":{"line":36,"column":0},"end":{"line":36,"column":62}},"23":{"start":{"line":37,"column":0},"end":{"line":37,"column":24}},"24":{"start":{"line":38,"column":12},"end":{"line":38,"column":26}},"25":{"start":{"line":39,"column":17},"end":{"line":39,"column":48}},"26":{"start":{"line":40,"column":17},"end":{"line":40,"column":41}},"27":{"start":{"line":41,"column":31},"end":{"line":41,"column":113}},"28":{"start":{"line":42,"column":31},"end":{"line":42,"column":138}},"29":{"start":{"line":43,"column":31},"end":{"line":43,"column":137}},"30":{"start":{"line":44,"column":17},"end":{"line":46,"column":1}},"31":{"start":{"line":48,"column":4},"end":{"line":60,"column":8}},"32":{"start":{"line":56,"column":100},"end":{"line":56,"column":129}},"33":{"start":{"line":62,"column":0},"end":{"line":62,"column":24}},"34":{"start":{"line":64,"column":7},"end":{"line":67,"column":6}},"35":{"start":{"line":67,"column":7},"end":{"line":67,"column":54}}},"fnMap":{"0":{"name":"(anonymous_0)","decl":{"start":{"line":3,"column":42},"end":{"line":3,"column":43}},"loc":{"start":{"line":3,"column":54},"end":{"line":22,"column":1}},"line":3},"1":{"name":"(anonymous_1)","decl":{"start":{"line":4,"column":22},"end":{"line":4,"column":23}},"loc":{"start":{"line":4,"column":38},"end":{"line":13,"column":3}},"line":4},"2":{"name":"(anonymous_2)","decl":{"start":{"line":7,"column":26},"end":{"line":7,"column":27}},"loc":{"start":{"line":7,"column":42},"end":{"line":9,"column":5}},"line":7},"3":{"name":"(anonymous_3)","decl":{"start":{"line":9,"column":9},"end":{"line":9,"column":10}},"loc":{"start":{"line":9,"column":25},"end":{"line":11,"column":5}},"line":9},"4":{"name":"(anonymous_4)","decl":{"start":{"line":14,"column":9},"end":{"line":14,"column":10}},"loc":{"start":{"line":14,"column":25},"end":{"line":21,"column":3}},"line":14},"5":{"name":"__","decl":{"start":{"line":17,"column":13},"end":{"line":17,"column":15}},"loc":{"start":{"line":17,"column":18},"end":{"line":19,"column":5}},"line":17},"6":{"name":"(anonymous_6)","decl":{"start":{"line":27,"column":33},"end":{"line":27,"column":34}},"loc":{"start":{"line":27,"column":51},"end":{"line":33,"column":1}},"line":27},"7":{"name":"ErrorNotFound","decl":{"start":{"line":29,"column":11},"end":{"line":29,"column":24}},"loc":{"start":{"line":29,"column":27},"end":{"line":31,"column":3}},"line":29},"8":{"name":"render","decl":{"start":{"line":47,"column":9},"end":{"line":47,"column":15}},"loc":{"start":{"line":47,"column":30},"end":{"line":61,"column":1}},"line":47},"9":{"name":"(anonymous_9)","decl":{"start":{"line":56,"column":80},"end":{"line":56,"column":81}},"loc":{"start":{"line":56,"column":98},"end":{"line":56,"column":131}},"line":56}},"branchMap":{"0":{"loc":{"start":{"line":3,"column":16},"end":{"line":22,"column":3}},"type":"binary-expr","locations":[{"start":{"line":3,"column":16},"end":{"line":3,"column":20}},{"start":{"line":3,"column":24},"end":{"line":3,"column":38}},{"start":{"line":3,"column":42},"end":{"line":22,"column":3}}],"line":3},"1":{"loc":{"start":{"line":5,"column":20},"end":{"line":11,"column":5}},"type":"binary-expr","locations":[{"start":{"line":5,"column":20},"end":{"line":5,"column":41}},{"start":{"line":5,"column":45},"end":{"line":7,"column":22}},{"start":{"line":7,"column":26},"end":{"line":9,"column":5}},{"start":{"line":9,"column":9},"end":{"line":11,"column":5}}],"line":5},"2":{"loc":{"start":{"line":10,"column":23},"end":{"line":10,"column":83}},"type":"if","locations":[{"start":{"line":10,"column":23},"end":{"line":10,"column":83}},{"start":{},"end":{}}],"line":10},"3":{"loc":{"start":{"line":15,"column":4},"end":{"line":15,"column":137}},"type":"if","locations":[{"start":{"line":15,"column":4},"end":{"line":15,"column":137}},{"start":{},"end":{}}],"line":15},"4":{"loc":{"start":{"line":15,"column":8},"end":{"line":15,"column":45}},"type":"binary-expr","locations":[{"start":{"line":15,"column":8},"end":{"line":15,"column":31}},{"start":{"line":15,"column":35},"end":{"line":15,"column":45}}],"line":15},"5":{"loc":{"start":{"line":20,"column":18},"end":{"line":20,"column":88}},"type":"cond-expr","locations":[{"start":{"line":20,"column":31},"end":{"line":20,"column":47}},{"start":{"line":20,"column":51},"end":{"line":20,"column":87}}],"line":20},"6":{"loc":{"start":{"line":30,"column":11},"end":{"line":30,"column":67}},"type":"binary-expr","locations":[{"start":{"line":30,"column":11},"end":{"line":30,"column":26}},{"start":{"line":30,"column":30},"end":{"line":30,"column":59}},{"start":{"line":30,"column":63},"end":{"line":30,"column":67}}],"line":30},"7":{"loc":{"start":{"line":56,"column":29},"end":{"line":56,"column":146}},"type":"binary-expr","locations":[{"start":{"line":56,"column":29},"end":{"line":56,"column":38}},{"start":{"line":56,"column":43},"end":{"line":56,"column":145}}],"line":56}},"s":{"0":1,"1":1,"2":1,"3":0,"4":0,"5":0,"6":0,"7":1,"8":1,"9":1,"10":0,"11":1,"12":1,"13":1,"14":1,"15":1,"16":1,"17":1,"18":0,"19":1,"20":1,"21":1,"22":1,"23":1,"24":1,"25":1,"26":1,"27":1,"28":1,"29":1,"30":1,"31":0,"32":0,"33":1,"34":1,"35":1},"f":{"0":1,"1":1,"2":0,"3":0,"4":1,"5":1,"6":1,"7":0,"8":0,"9":0},"b":{"0":[1,1,1],"1":[1,0,0,0],"2":[0,0],"3":[0,1],"4":[1,0],"5":[0,1],"6":[0,0,0],"7":[0,0]},"inputSourceMap":{"0":"{","1":"\"","2":"v","3":"e","4":"r","5":"s","6":"i","7":"o","8":"n","9":"\"","10":":","11":"3","12":",","13":"\"","14":"s","15":"o","16":"u","17":"r","18":"c","19":"e","20":"s","21":"\"","22":":","23":"[","24":"\"","25":"C","26":":","27":"\\","28":"\\","29":"U","30":"s","31":"e","32":"r","33":"s","34":"\\","35":"\\","36":"u","37":"s","38":"e","39":"r","40":"v","41":"k","42":"\\","43":"\\","44":"D","45":"e","46":"s","47":"k","48":"t","49":"o","50":"p","51":"\\","52":"\\","53":"N","54":"u","55":"e","56":"v","57":"o","58":"F","59":"r","60":"o","61":"n","62":"t","63":"e","64":"n","65":"d","66":"\\","67":"\\","68":"f","69":"r","70":"o","71":"n","72":"t","73":"e","74":"n","75":"d","76":"\\","77":"\\","78":"s","79":"r","80":"c","81":"\\","82":"\\","83":"c","84":"o","85":"m","86":"p","87":"o","88":"n","89":"e","90":"n","91":"t","92":"s","93":"\\","94":"\\","95":"E","96":"r","97":"r","98":"o","99":"r","100":"N","101":"o","102":"t","103":"F","104":"o","105":"u","106":"n","107":"d","108":".","109":"v","110":"u","111":"e","112":"\"","113":"]","114":",","115":"\"","116":"n","117":"a","118":"m","119":"e","120":"s","121":"\"","122":":","123":"[","124":"]","125":",","126":"\"","127":"m","128":"a","129":"p","130":"p","131":"i","132":"n","133":"g","134":"s","135":"\"","136":":","137":"\"","138":";","139":";","140":";","141":";","142":";","143":";","144":";","145":";","146":";","147":";","148":";","149":";","150":";","151":";","152":";","153":";","154":";","155":";","156":";","157":";","158":";","159":";","160":";","161":";","162":";","163":"A","164":"A","165":"g","166":"B","167":"A","168":";","169":"A","170":"A","171":"C","172":"A","173":";","174":"E","175":"A","176":"A","177":"2","178":"C","179":";","180":"E","181":"A","182":"A","183":"3","184":"C","185":";","186":";","187":"E","188":"A","189":"A","190":"g","191":"D","192":";","193":"E","194":"A","195":"A","196":"A","197":",","198":"o","199":"B","200":"A","201":"A","202":"C","203":";","204":"A","205":"A","206":"A","207":"D","208":",","209":"C","210":"A","211":"A","212":"C","213":",","214":"C","215":"A","216":"A","217":"N","218":",","219":"y","220":"B","221":"A","222":"A","223":"G","224":"\"","225":",","226":"\"","227":"f","228":"i","229":"l","230":"e","231":"\"","232":":","233":"\"","234":"C","235":":","236":"\\","237":"\\","238":"U","239":"s","240":"e","241":"r","242":"s","243":"\\","244":"\\","245":"u","246":"s","247":"e","248":"r","249":"v","250":"k","251":"\\","252":"\\","253":"D","254":"e","255":"s","256":"k","257":"t","258":"o","259":"p","260":"\\","261":"\\","262":"N","263":"u","264":"e","265":"v","266":"o","267":"F","268":"r","269":"o","270":"n","271":"t","272":"e","273":"n","274":"d","275":"\\","276":"\\","277":"f","278":"r","279":"o","280":"n","281":"t","282":"e","283":"n","284":"d","285":"\\","286":"\\","287":"s","288":"r","289":"c","290":"\\","291":"\\","292":"c","293":"o","294":"m","295":"p","296":"o","297":"n","298":"e","299":"n","300":"t","301":"s","302":"\\","303":"\\","304":"E","305":"r","306":"r","307":"o","308":"r","309":"N","310":"o","311":"t","312":"F","313":"o","314":"u","315":"n","316":"d","317":".","318":"v","319":"u","320":"e","321":"\"","322":",","323":"\"","324":"s","325":"o","326":"u","327":"r","328":"c","329":"e","330":"s","331":"C","332":"o","333":"n","334":"t","335":"e","336":"n","337":"t","338":"\"","339":":","340":"[","341":"\"","342":"<","343":"t","344":"e","345":"m","346":"p","347":"l","348":"a","349":"t","350":"e","351":">","352":"\\","353":"r","354":"\\","355":"n","356":" ","357":" ","358":"<","359":"d","360":"i","361":"v","362":" ","363":"c","364":"l","365":"a","366":"s","367":"s","368":"=","369":"\\","370":"\"","371":"d","372":"-","373":"f","374":"l","375":"e","376":"x","377":" ","378":"f","379":"l","380":"e","381":"x","382":"-","383":"c","384":"o","385":"l","386":"u","387":"m","388":"n","389":"\\","390":"\"","391":">","392":"\\","393":"r","394":"\\","395":"n","396":" ","397":" ","398":" ","399":" ","400":"<","401":"d","402":"i","403":"v","404":" ","405":"c","406":"l","407":"a","408":"s","409":"s","410":"=","411":"\\","412":"\"","413":"c","414":"o","415":"n","416":"t","417":"e","418":"n","419":"t","420":" ","421":"f","422":"-","423":"1","424":"\\","425":"\"","426":">","427":"\\","428":"r","429":"\\","430":"n","431":" ","432":" ","433":" ","434":" ","435":" ","436":" ","437":"<","438":"h","439":"1","440":" ","441":"c","442":"l","443":"a","444":"s","445":"s","446":"=","447":"\\","448":"\"","449":"f","450":"w","451":"-","452":"b","453":"o","454":"l","455":"d","456":"\\","457":"\"","458":">","459":"4","460":"0","461":"4","462":"<","463":"/","464":"h","465":"1","466":">","467":"\\","468":"r","469":"\\","470":"n","471":" ","472":" ","473":" ","474":" ","475":" ","476":" ","477":"<","478":"h","479":"2","480":">","481":"L","482":"o","483":" ","484":"s","485":"e","486":"n","487":"t","488":"i","489":"m","490":"o","491":"s","492":",","493":" ","494":"e","495":"s","496":"t","497":"a","498":" ","499":"p","500":"á","501":"g","502":"i","503":"n","504":"a","505":" ","506":"n","507":"o","508":" ","509":"e","510":"s","511":"t","512":"á","513":" ","514":"d","515":"i","516":"s","517":"p","518":"o","519":"n","520":"i","521":"b","522":"l","523":"e","524":".","525":"<","526":"/","527":"h","528":"2","529":">","530":"\\","531":"r","532":"\\","533":"n","534":" ","535":" ","536":" ","537":" ","538":" ","539":" ","540":"<","541":"p","542":">","543":"\\","544":"r","545":"\\","546":"n","547":" ","548":" ","549":" ","550":" ","551":" ","552":" ","553":" ","554":" ","555":"L","556":"a","557":" ","558":"u","559":"r","560":"l","561":" ","562":"a","563":" ","564":"l","565":"a","566":" ","567":"q","568":"u","569":"e","570":" ","571":"u","572":"s","573":"t","574":"e","575":"d","576":" ","577":"e","578":"s","579":"t","580":"á","581":" ","582":"i","583":"n","584":"t","585":"e","586":"n","587":"t","588":"a","589":"n","590":"d","591":"o","592":" ","593":"a","594":"c","595":"c","596":"e","597":"d","598":"e","599":"r","600":" ","601":"n","602":"o","603":" ","604":"e","605":"s","606":" ","607":"v","608":"á","609":"l","610":"i","611":"d","612":"a","613":" ","614":"o","615":" ","616":"n","617":"o","618":" ","619":"e","620":"x","621":"i","622":"s","623":"t","624":"e","625":".","626":"\\","627":"r","628":"\\","629":"n","630":" ","631":" ","632":" ","633":" ","634":" ","635":" ","636":" ","637":" ","638":"<","639":"a","640":" ","641":"h","642":"r","643":"e","644":"f","645":"=","646":"\\","647":"\"","648":"#","649":"\\","650":"\"","651":" ","652":"v","653":"-","654":"o","655":"n","656":":","657":"c","658":"l","659":"i","660":"c","661":"k","662":".","663":"p","664":"r","665":"e","666":"v","667":"e","668":"n","669":"t","670":"=","671":"\\","672":"\"","673":"$","674":"r","675":"o","676":"u","677":"t","678":"e","679":"r","680":".","681":"b","682":"a","683":"c","684":"k","685":"(","686":")","687":"\\","688":"\"","689":">","690":"\\","691":"r","692":"\\","693":"n","694":" ","695":" ","696":" ","697":" ","698":" ","699":" ","700":" ","701":" ","702":" ","703":" ","704":"<","705":"i","706":" ","707":"c","708":"l","709":"a","710":"s","711":"s","712":"=","713":"\\","714":"\"","715":"i","716":"n","717":"-","718":"l","719":"i","720":"n","721":"k","722":"\\","723":"\"","724":">","725":"V","726":"o","727":"l","728":"v","729":"e","730":"r","731":" ","732":"a","733":" ","734":"l","735":"a","736":" ","737":"p","738":"á","739":"g","740":"i","741":"n","742":"a","743":" ","744":"a","745":"n","746":"t","747":"e","748":"r","749":"i","750":"o","751":"r","752":".","753":"<","754":"/","755":"i","756":">","757":"\\","758":"r","759":"\\","760":"n","761":" ","762":" ","763":" ","764":" ","765":" ","766":" ","767":" ","768":" ","769":"<","770":"/","771":"a","772":">","773":"\\","774":"r","775":"\\","776":"n","777":" ","778":" ","779":" ","780":" ","781":" ","782":" ","783":"<","784":"/","785":"p","786":">","787":"\\","788":"r","789":"\\","790":"n","791":" ","792":" ","793":" ","794":" ","795":"<","796":"/","797":"d","798":"i","799":"v","800":">","801":"\\","802":"r","803":"\\","804":"n","805":" ","806":" ","807":"<","808":"/","809":"d","810":"i","811":"v","812":">","813":"\\","814":"r","815":"\\","816":"n","817":"<","818":"/","819":"t","820":"e","821":"m","822":"p","823":"l","824":"a","825":"t","826":"e","827":">","828":"\\","829":"r","830":"\\","831":"n","832":"\\","833":"r","834":"\\","835":"n","836":"<","837":"s","838":"c","839":"r","840":"i","841":"p","842":"t","843":" ","844":"l","845":"a","846":"n","847":"g","848":"=","849":"\\","850":"\"","851":"t","852":"s","853":"\\","854":"\"","855":">","856":"\\","857":"r","858":"\\","859":"n","860":"i","861":"m","862":"p","863":"o","864":"r","865":"t","866":" ","867":"{","868":" ","869":"V","870":"u","871":"e","872":" ","873":"}","874":" ","875":"f","876":"r","877":"o","878":"m","879":" ","880":"\\","881":"\"","882":"v","883":"u","884":"e","885":"-","886":"c","887":"l","888":"a","889":"s","890":"s","891":"-","892":"c","893":"o","894":"m","895":"p","896":"o","897":"n","898":"e","899":"n","900":"t","901":"\\","902":"\"","903":";","904":"\\","905":"r","906":"\\","907":"n","908":"e","909":"x","910":"p","911":"o","912":"r","913":"t","914":" ","915":"d","916":"e","917":"f","918":"a","919":"u","920":"l","921":"t","922":" ","923":"c","924":"l","925":"a","926":"s","927":"s","928":" ","929":"E","930":"r","931":"r","932":"o","933":"r","934":"N","935":"o","936":"t","937":"F","938":"o","939":"u","940":"n","941":"d","942":" ","943":"e","944":"x","945":"t","946":"e","947":"n","948":"d","949":"s","950":" ","951":"V","952":"u","953":"e","954":" ","955":"{","956":"}","957":"\\","958":"r","959":"\\","960":"n","961":"<","962":"/","963":"s","964":"c","965":"r","966":"i","967":"p","968":"t","969":">","970":"\\","971":"r","972":"\\","973":"n","974":"\\","975":"r","976":"\\","977":"n","978":"<","979":"s","980":"t","981":"y","982":"l","983":"e","984":" ","985":"s","986":"c","987":"o","988":"p","989":"e","990":"d","991":" ","992":"l","993":"a","994":"n","995":"g","996":"=","997":"\\","998":"\"","999":"s","1000":"c","1001":"s","1002":"s","1003":"\\","1004":"\"","1005":">","1006":"\\","1007":"r","1008":"\\","1009":"n","1010":".","1011":"c","1012":"o","1013":"n","1014":"t","1015":"e","1016":"n","1017":"t","1018":" ","1019":"{","1020":"\\","1021":"r","1022":"\\","1023":"n","1024":" ","1025":" ","1026":"m","1027":"a","1028":"r","1029":"g","1030":"i","1031":"n","1032":":","1033":" ","1034":"a","1035":"u","1036":"t","1037":"o","1038":";","1039":"\\","1040":"r","1041":"\\","1042":"n","1043":"}","1044":"\\","1045":"r","1046":"\\","1047":"n","1048":"<","1049":"/","1050":"s","1051":"t","1052":"y","1053":"l","1054":"e","1055":">","1056":"\\","1057":"r","1058":"\\","1059":"n","1060":"\"","1061":"]","1062":"}"},"_coverageSchema":"1a1c01bbd47fc00a2c39e90264f33305004495a9","hash":"55bf10a0dc7b96373d210d7666957e3233a3bfb7"}
,"C:\\Users\\uservk\\Desktop\\NuevoFrontend\\frontend\\src\\components\\HomePage.vue": {"path":"C:\\Users\\uservk\\Desktop\\NuevoFrontend\\frontend\\src\\components\\HomePage.vue","statementMap":{"0":{"start":{"line":3,"column":16},"end":{"line":22,"column":3}},"1":{"start":{"line":4,"column":22},"end":{"line":13,"column":3}},"2":{"start":{"line":5,"column":4},"end":{"line":11,"column":6}},"3":{"start":{"line":8,"column":6},"end":{"line":8,"column":22}},"4":{"start":{"line":10,"column":6},"end":{"line":10,"column":83}},"5":{"start":{"line":10,"column":23},"end":{"line":10,"column":83}},"6":{"start":{"line":10,"column":71},"end":{"line":10,"column":83}},"7":{"start":{"line":12,"column":4},"end":{"line":12,"column":31}},"8":{"start":{"line":14,"column":2},"end":{"line":21,"column":4}},"9":{"start":{"line":15,"column":4},"end":{"line":15,"column":137}},"10":{"start":{"line":15,"column":47},"end":{"line":15,"column":137}},"11":{"start":{"line":16,"column":4},"end":{"line":16,"column":24}},"12":{"start":{"line":18,"column":6},"end":{"line":18,"column":27}},"13":{"start":{"line":20,"column":4},"end":{"line":20,"column":89}},"14":{"start":{"line":23,"column":0},"end":{"line":25,"column":3}},"15":{"start":{"line":26,"column":28},"end":{"line":26,"column":58}},"16":{"start":{"line":27,"column":33},"end":{"line":33,"column":28}},"17":{"start":{"line":28,"column":2},"end":{"line":28,"column":35}},"18":{"start":{"line":30,"column":4},"end":{"line":30,"column":68}},"19":{"start":{"line":32,"column":2},"end":{"line":32,"column":23}},"20":{"start":{"line":34,"column":0},"end":{"line":34,"column":32}},"21":{"start":{"line":35,"column":0},"end":{"line":35,"column":13}},"22":{"start":{"line":36,"column":0},"end":{"line":36,"column":62}},"23":{"start":{"line":37,"column":0},"end":{"line":37,"column":24}},"24":{"start":{"line":38,"column":12},"end":{"line":38,"column":26}},"25":{"start":{"line":39,"column":17},"end":{"line":39,"column":48}},"26":{"start":{"line":40,"column":17},"end":{"line":43,"column":1}},"27":{"start":{"line":44,"column":31},"end":{"line":53,"column":20}},"28":{"start":{"line":54,"column":17},"end":{"line":54,"column":65}},"29":{"start":{"line":55,"column":17},"end":{"line":55,"column":42}},"30":{"start":{"line":56,"column":17},"end":{"line":61,"column":1}},"31":{"start":{"line":62,"column":31},"end":{"line":64,"column":20}},"32":{"start":{"line":65,"column":31},"end":{"line":74,"column":20}},"33":{"start":{"line":75,"column":17},"end":{"line":75,"column":42}},"34":{"start":{"line":76,"column":18},"end":{"line":76,"column":38}},"35":{"start":{"line":77,"column":32},"end":{"line":77,"column":97}},"36":{"start":{"line":78,"column":18},"end":{"line":78,"column":43}},"37":{"start":{"line":79,"column":18},"end":{"line":79,"column":43}},"38":{"start":{"line":80,"column":18},"end":{"line":80,"column":43}},"39":{"start":{"line":81,"column":18},"end":{"line":81,"column":37}},"40":{"start":{"line":82,"column":18},"end":{"line":82,"column":43}},"41":{"start":{"line":83,"column":18},"end":{"line":83,"column":45}},"42":{"start":{"line":84,"column":32},"end":{"line":88,"column":20}},"43":{"start":{"line":90,"column":39},"end":{"line":90,"column":87}},"44":{"start":{"line":91,"column":33},"end":{"line":91,"column":75}},"45":{"start":{"line":92,"column":4},"end":{"line":156,"column":8}},"46":{"start":{"line":111,"column":104},"end":{"line":111,"column":136}},"47":{"start":{"line":120,"column":104},"end":{"line":120,"column":142}},"48":{"start":{"line":129,"column":104},"end":{"line":129,"column":143}},"49":{"start":{"line":141,"column":108},"end":{"line":141,"column":145}},"50":{"start":{"line":158,"column":0},"end":{"line":158,"column":24}},"51":{"start":{"line":160,"column":7},"end":{"line":163,"column":6}},"52":{"start":{"line":163,"column":7},"end":{"line":163,"column":54}}},"fnMap":{"0":{"name":"(anonymous_0)","decl":{"start":{"line":3,"column":42},"end":{"line":3,"column":43}},"loc":{"start":{"line":3,"column":54},"end":{"line":22,"column":1}},"line":3},"1":{"name":"(anonymous_1)","decl":{"start":{"line":4,"column":22},"end":{"line":4,"column":23}},"loc":{"start":{"line":4,"column":38},"end":{"line":13,"column":3}},"line":4},"2":{"name":"(anonymous_2)","decl":{"start":{"line":7,"column":26},"end":{"line":7,"column":27}},"loc":{"start":{"line":7,"column":42},"end":{"line":9,"column":5}},"line":7},"3":{"name":"(anonymous_3)","decl":{"start":{"line":9,"column":9},"end":{"line":9,"column":10}},"loc":{"start":{"line":9,"column":25},"end":{"line":11,"column":5}},"line":9},"4":{"name":"(anonymous_4)","decl":{"start":{"line":14,"column":9},"end":{"line":14,"column":10}},"loc":{"start":{"line":14,"column":25},"end":{"line":21,"column":3}},"line":14},"5":{"name":"__","decl":{"start":{"line":17,"column":13},"end":{"line":17,"column":15}},"loc":{"start":{"line":17,"column":18},"end":{"line":19,"column":5}},"line":17},"6":{"name":"(anonymous_6)","decl":{"start":{"line":27,"column":33},"end":{"line":27,"column":34}},"loc":{"start":{"line":27,"column":51},"end":{"line":33,"column":1}},"line":27},"7":{"name":"ErrorNotFound","decl":{"start":{"line":29,"column":11},"end":{"line":29,"column":24}},"loc":{"start":{"line":29,"column":27},"end":{"line":31,"column":3}},"line":29},"8":{"name":"render","decl":{"start":{"line":89,"column":9},"end":{"line":89,"column":15}},"loc":{"start":{"line":89,"column":30},"end":{"line":157,"column":1}},"line":89},"9":{"name":"(anonymous_9)","decl":{"start":{"line":111,"column":84},"end":{"line":111,"column":85}},"loc":{"start":{"line":111,"column":102},"end":{"line":111,"column":138}},"line":111},"10":{"name":"(anonymous_10)","decl":{"start":{"line":120,"column":84},"end":{"line":120,"column":85}},"loc":{"start":{"line":120,"column":102},"end":{"line":120,"column":144}},"line":120},"11":{"name":"(anonymous_11)","decl":{"start":{"line":129,"column":84},"end":{"line":129,"column":85}},"loc":{"start":{"line":129,"column":102},"end":{"line":129,"column":145}},"line":129},"12":{"name":"(anonymous_12)","decl":{"start":{"line":141,"column":88},"end":{"line":141,"column":89}},"loc":{"start":{"line":141,"column":106},"end":{"line":141,"column":147}},"line":141}},"branchMap":{"0":{"loc":{"start":{"line":3,"column":16},"end":{"line":22,"column":3}},"type":"binary-expr","locations":[{"start":{"line":3,"column":16},"end":{"line":3,"column":20}},{"start":{"line":3,"column":24},"end":{"line":3,"column":38}},{"start":{"line":3,"column":42},"end":{"line":22,"column":3}}],"line":3},"1":{"loc":{"start":{"line":5,"column":20},"end":{"line":11,"column":5}},"type":"binary-expr","locations":[{"start":{"line":5,"column":20},"end":{"line":5,"column":41}},{"start":{"line":5,"column":45},"end":{"line":7,"column":22}},{"start":{"line":7,"column":26},"end":{"line":9,"column":5}},{"start":{"line":9,"column":9},"end":{"line":11,"column":5}}],"line":5},"2":{"loc":{"start":{"line":10,"column":23},"end":{"line":10,"column":83}},"type":"if","locations":[{"start":{"line":10,"column":23},"end":{"line":10,"column":83}},{"start":{},"end":{}}],"line":10},"3":{"loc":{"start":{"line":15,"column":4},"end":{"line":15,"column":137}},"type":"if","locations":[{"start":{"line":15,"column":4},"end":{"line":15,"column":137}},{"start":{},"end":{}}],"line":15},"4":{"loc":{"start":{"line":15,"column":8},"end":{"line":15,"column":45}},"type":"binary-expr","locations":[{"start":{"line":15,"column":8},"end":{"line":15,"column":31}},{"start":{"line":15,"column":35},"end":{"line":15,"column":45}}],"line":15},"5":{"loc":{"start":{"line":20,"column":18},"end":{"line":20,"column":88}},"type":"cond-expr","locations":[{"start":{"line":20,"column":31},"end":{"line":20,"column":47}},{"start":{"line":20,"column":51},"end":{"line":20,"column":87}}],"line":20},"6":{"loc":{"start":{"line":30,"column":11},"end":{"line":30,"column":67}},"type":"binary-expr","locations":[{"start":{"line":30,"column":11},"end":{"line":30,"column":26}},{"start":{"line":30,"column":30},"end":{"line":30,"column":59}},{"start":{"line":30,"column":63},"end":{"line":30,"column":67}}],"line":30},"7":{"loc":{"start":{"line":111,"column":33},"end":{"line":111,"column":153}},"type":"binary-expr","locations":[{"start":{"line":111,"column":33},"end":{"line":111,"column":42}},{"start":{"line":111,"column":47},"end":{"line":111,"column":152}}],"line":111},"8":{"loc":{"start":{"line":120,"column":33},"end":{"line":120,"column":159}},"type":"binary-expr","locations":[{"start":{"line":120,"column":33},"end":{"line":120,"column":42}},{"start":{"line":120,"column":47},"end":{"line":120,"column":158}}],"line":120},"9":{"loc":{"start":{"line":129,"column":33},"end":{"line":129,"column":160}},"type":"binary-expr","locations":[{"start":{"line":129,"column":33},"end":{"line":129,"column":42}},{"start":{"line":129,"column":47},"end":{"line":129,"column":159}}],"line":129},"10":{"loc":{"start":{"line":141,"column":37},"end":{"line":141,"column":162}},"type":"binary-expr","locations":[{"start":{"line":141,"column":37},"end":{"line":141,"column":46}},{"start":{"line":141,"column":51},"end":{"line":141,"column":161}}],"line":141}},"s":{"0":1,"1":1,"2":1,"3":0,"4":0,"5":0,"6":0,"7":1,"8":1,"9":1,"10":0,"11":1,"12":1,"13":1,"14":1,"15":1,"16":1,"17":1,"18":0,"19":1,"20":1,"21":1,"22":1,"23":1,"24":1,"25":1,"26":1,"27":1,"28":1,"29":1,"30":1,"31":1,"32":1,"33":1,"34":1,"35":1,"36":1,"37":1,"38":1,"39":1,"40":1,"41":1,"42":1,"43":0,"44":0,"45":0,"46":0,"47":0,"48":0,"49":0,"50":1,"51":1,"52":1},"f":{"0":1,"1":1,"2":0,"3":0,"4":1,"5":1,"6":1,"7":0,"8":0,"9":0,"10":0,"11":0,"12":0},"b":{"0":[1,1,1],"1":[1,0,0,0],"2":[0,0],"3":[0,1],"4":[1,0],"5":[0,1],"6":[0,0,0],"7":[0,0],"8":[0,0],"9":[0,0],"10":[0,0]},"inputSourceMap":{"0":"{","1":"\"","2":"v","3":"e","4":"r","5":"s","6":"i","7":"o","8":"n","9":"\"","10":":","11":"3","12":",","13":"\"","14":"s","15":"o","16":"u","17":"r","18":"c","19":"e","20":"s","21":"\"","22":":","23":"[","24":"\"","25":"C","26":":","27":"\\","28":"\\","29":"U","30":"s","31":"e","32":"r","33":"s","34":"\\","35":"\\","36":"u","37":"s","38":"e","39":"r","40":"v","41":"k","42":"\\","43":"\\","44":"D","45":"e","46":"s","47":"k","48":"t","49":"o","50":"p","51":"\\","52":"\\","53":"N","54":"u","55":"e","56":"v","57":"o","58":"F","59":"r","60":"o","61":"n","62":"t","63":"e","64":"n","65":"d","66":"\\","67":"\\","68":"f","69":"r","70":"o","71":"n","72":"t","73":"e","74":"n","75":"d","76":"\\","77":"\\","78":"s","79":"r","80":"c","81":"\\","82":"\\","83":"c","84":"o","85":"m","86":"p","87":"o","88":"n","89":"e","90":"n","91":"t","92":"s","93":"\\","94":"\\","95":"H","96":"o","97":"m","98":"e","99":"P","100":"a","101":"g","102":"e","103":".","104":"v","105":"u","106":"e","107":"\"","108":"]","109":",","110":"\"","111":"n","112":"a","113":"m","114":"e","115":"s","116":"\"","117":":","118":"[","119":"]","120":",","121":"\"","122":"m","123":"a","124":"p","125":"p","126":"i","127":"n","128":"g","129":"s","130":"\"","131":":","132":"\"","133":";","134":";","135":";","136":";","137":";","138":";","139":";","140":";","141":";","142":";","143":";","144":";","145":";","146":";","147":";","148":";","149":";","150":";","151":";","152":";","153":";","154":";","155":";","156":";","157":";","158":"A","159":"A","160":"u","161":"F","162":"A","163":";","164":"A","165":"A","166":"C","167":"A","168":";","169":"E","170":"A","171":"A","172":"2","173":"C","174":";","175":"E","176":"A","177":"A","178":"3","179":"C","180":";","181":";","182":"E","183":"A","184":"A","185":"g","186":"D","187":";","188":"E","189":"A","190":"A","191":"A","192":",","193":"o","194":"B","195":"A","196":"A","197":"C","198":";","199":"A","200":"A","201":"A","202":"D","203":",","204":"C","205":"A","206":"A","207":"C","208":",","209":"C","210":"A","211":"A","212":"N","213":",","214":"y","215":"B","216":"A","217":"A","218":"G","219":"\"","220":",","221":"\"","222":"f","223":"i","224":"l","225":"e","226":"\"","227":":","228":"\"","229":"C","230":":","231":"\\","232":"\\","233":"U","234":"s","235":"e","236":"r","237":"s","238":"\\","239":"\\","240":"u","241":"s","242":"e","243":"r","244":"v","245":"k","246":"\\","247":"\\","248":"D","249":"e","250":"s","251":"k","252":"t","253":"o","254":"p","255":"\\","256":"\\","257":"N","258":"u","259":"e","260":"v","261":"o","262":"F","263":"r","264":"o","265":"n","266":"t","267":"e","268":"n","269":"d","270":"\\","271":"\\","272":"f","273":"r","274":"o","275":"n","276":"t","277":"e","278":"n","279":"d","280":"\\","281":"\\","282":"s","283":"r","284":"c","285":"\\","286":"\\","287":"c","288":"o","289":"m","290":"p","291":"o","292":"n","293":"e","294":"n","295":"t","296":"s","297":"\\","298":"\\","299":"H","300":"o","301":"m","302":"e","303":"P","304":"a","305":"g","306":"e","307":".","308":"v","309":"u","310":"e","311":"\"","312":",","313":"\"","314":"s","315":"o","316":"u","317":"r","318":"c","319":"e","320":"s","321":"C","322":"o","323":"n","324":"t","325":"e","326":"n","327":"t","328":"\"","329":":","330":"[","331":"\"","332":"<","333":"t","334":"e","335":"m","336":"p","337":"l","338":"a","339":"t","340":"e","341":">","342":"\\","343":"r","344":"\\","345":"n","346":" ","347":" ","348":"<","349":"d","350":"i","351":"v","352":" ","353":"c","354":"l","355":"a","356":"s","357":"s","358":"=","359":"\\","360":"\"","361":"d","362":"-","363":"f","364":"l","365":"e","366":"x","367":" ","368":"f","369":"l","370":"e","371":"x","372":"-","373":"c","374":"o","375":"l","376":"u","377":"m","378":"n","379":"\\","380":"\"","381":">","382":"\\","383":"r","384":"\\","385":"n","386":" ","387":" ","388":" ","389":" ","390":"<","391":"n","392":"a","393":"v","394":" ","395":"c","396":"l","397":"a","398":"s","399":"s","400":"=","401":"\\","402":"\"","403":"n","404":"a","405":"v","406":"b","407":"a","408":"r","409":" ","410":"b","411":"g","412":"-","413":"b","414":"o","415":"d","416":"y","417":"-","418":"t","419":"e","420":"r","421":"t","422":"i","423":"a","424":"r","425":"y","426":" ","427":"n","428":"a","429":"v","430":"b","431":"a","432":"r","433":"-","434":"e","435":"x","436":"p","437":"a","438":"n","439":"d","440":"-","441":"l","442":"g","443":"\\","444":"\"","445":" ","446":"i","447":"d","448":"=","449":"\\","450":"\"","451":"n","452":"a","453":"v","454":"b","455":"a","456":"r","457":"\\","458":"\"","459":">","460":"\\","461":"r","462":"\\","463":"n","464":" ","465":" ","466":" ","467":" ","468":" ","469":" ","470":"<","471":"d","472":"i","473":"v","474":" ","475":"c","476":"l","477":"a","478":"s","479":"s","480":"=","481":"\\","482":"\"","483":"c","484":"o","485":"n","486":"t","487":"a","488":"i","489":"n","490":"e","491":"r","492":"-","493":"f","494":"l","495":"u","496":"i","497":"d","498":" ","499":"j","500":"u","501":"s","502":"t","503":"i","504":"f","505":"y","506":"-","507":"c","508":"o","509":"n","510":"t","511":"e","512":"n","513":"t","514":"-","515":"s","516":"t","517":"a","518":"r","519":"t","520":"\\","521":"\"","522":">","523":"\\","524":"r","525":"\\","526":"n","527":" ","528":" ","529":" ","530":" ","531":" ","532":" ","533":" ","534":" ","535":"<","536":"d","537":"i","538":"v","539":" ","540":"c","541":"l","542":"a","543":"s","544":"s","545":"=","546":"\\","547":"\"","548":"m","549":"-","550":"0","551":"\\","552":"\"","553":">","554":"\\","555":"r","556":"\\","557":"n","558":" ","559":" ","560":" ","561":" ","562":" ","563":" ","564":" ","565":" ","566":" ","567":" ","568":"<","569":"d","570":"i","571":"v","572":" ","573":"c","574":"l","575":"a","576":"s","577":"s","578":"=","579":"\\","580":"\"","581":"n","582":"a","583":"v","584":"b","585":"a","586":"r","587":"-","588":"b","589":"r","590":"a","591":"n","592":"d","593":"\\","594":"\"","595":">","596":"\\","597":"r","598":"\\","599":"n","600":" ","601":" ","602":" ","603":" ","604":" ","605":" ","606":" ","607":" ","608":" ","609":" ","610":" ","611":" ","612":"<","613":"i","614":"m","615":"g","616":" ","617":"s","618":"r","619":"c","620":"=","621":"\\","622":"\"","623":"/","624":"i","625":"m","626":"g","627":"/","628":"l","629":"o","630":"g","631":"o","632":".","633":"p","634":"n","635":"g","636":"\\","637":"\"","638":" ","639":"w","640":"i","641":"d","642":"t","643":"h","644":"=","645":"\\","646":"\"","647":"1","648":"4","649":"0","650":"\\","651":"\"","652":" ","653":"/","654":">","655":"\\","656":"r","657":"\\","658":"n","659":" ","660":" ","661":" ","662":" ","663":" ","664":" ","665":" ","666":" ","667":" ","668":" ","669":"<","670":"/","671":"d","672":"i","673":"v","674":">","675":"\\","676":"r","677":"\\","678":"n","679":" ","680":" ","681":" ","682":" ","683":" ","684":" ","685":" ","686":" ","687":"<","688":"/","689":"d","690":"i","691":"v","692":">","693":"\\","694":"r","695":"\\","696":"n","697":" ","698":" ","699":" ","700":" ","701":" ","702":" ","703":"<","704":"/","705":"d","706":"i","707":"v","708":">","709":"\\","710":"r","711":"\\","712":"n","713":" ","714":" ","715":" ","716":" ","717":" ","718":" ","719":"<","720":"d","721":"i","722":"v","723":" ","724":"c","725":"l","726":"a","727":"s","728":"s","729":"=","730":"\\","731":"\"","732":"c","733":"o","734":"n","735":"t","736":"a","737":"i","738":"n","739":"e","740":"r","741":"-","742":"f","743":"l","744":"u","745":"i","746":"d","747":" ","748":"j","749":"u","750":"s","751":"t","752":"i","753":"f","754":"y","755":"-","756":"c","757":"o","758":"n","759":"t","760":"e","761":"n","762":"t","763":"-","764":"e","765":"n","766":"d","767":"\\","768":"\"","769":">","770":"\\","771":"r","772":"\\","773":"n","774":" ","775":" ","776":" ","777":" ","778":" ","779":" ","780":" ","781":" ","782":"<","783":"d","784":"i","785":"v","786":" ","787":"c","788":"l","789":"a","790":"s","791":"s","792":"=","793":"\\","794":"\"","795":"d","796":"r","797":"o","798":"p","799":"d","800":"o","801":"w","802":"n","803":" ","804":"p","805":"-","806":"3","807":"\\","808":"\"","809":">","810":"\\","811":"r","812":"\\","813":"n","814":" ","815":" ","816":" ","817":" ","818":" ","819":" ","820":" ","821":" ","822":" ","823":" ","824":"<","825":"a","826":"\\","827":"r","828":"\\","829":"n","830":" ","831":" ","832":" ","833":" ","834":" ","835":" ","836":" ","837":" ","838":" ","839":" ","840":" ","841":" ","842":"c","843":"l","844":"a","845":"s","846":"s","847":"=","848":"\\","849":"\"","850":"n","851":"a","852":"v","853":"-","854":"l","855":"i","856":"n","857":"k","858":" ","859":"d","860":"r","861":"o","862":"p","863":"d","864":"o","865":"w","866":"n","867":"-","868":"t","869":"o","870":"g","871":"g","872":"l","873":"e","874":"\\","875":"\"","876":"\\","877":"r","878":"\\","879":"n","880":" ","881":" ","882":" ","883":" ","884":" ","885":" ","886":" ","887":" ","888":" ","889":" ","890":" ","891":" ","892":"r","893":"o","894":"l","895":"e","896":"=","897":"\\","898":"\"","899":"b","900":"u","901":"t","902":"t","903":"o","904":"n","905":"\\","906":"\"","907":"\\","908":"r","909":"\\","910":"n","911":" ","912":" ","913":" ","914":" ","915":" ","916":" ","917":" ","918":" ","919":" ","920":" ","921":" ","922":" ","923":"d","924":"a","925":"t","926":"a","927":"-","928":"b","929":"s","930":"-","931":"t","932":"o","933":"g","934":"g","935":"l","936":"e","937":"=","938":"\\","939":"\"","940":"d","941":"r","942":"o","943":"p","944":"d","945":"o","946":"w","947":"n","948":"\\","949":"\"","950":"\\","951":"r","952":"\\","953":"n","954":" ","955":" ","956":" ","957":" ","958":" ","959":" ","960":" ","961":" ","962":" ","963":" ","964":" ","965":" ","966":"a","967":"r","968":"i","969":"a","970":"-","971":"e","972":"x","973":"p","974":"a","975":"n","976":"d","977":"e","978":"d","979":"=","980":"\\","981":"\"","982":"f","983":"a","984":"l","985":"s","986":"e","987":"\\","988":"\"","989":"\\","990":"r","991":"\\","992":"n","993":" ","994":" ","995":" ","996":" ","997":" ","998":" ","999":" ","1000":" ","1001":" ","1002":" ","1003":">","1004":"\\","1005":"r","1006":"\\","1007":"n","1008":" ","1009":" ","1010":" ","1011":" ","1012":" ","1013":" ","1014":" ","1015":" ","1016":" ","1017":" ","1018":" ","1019":" ","1020":"<","1021":"f","1022":"o","1023":"n","1024":"t","1025":"-","1026":"a","1027":"w","1028":"e","1029":"s","1030":"o","1031":"m","1032":"e","1033":"-","1034":"i","1035":"c","1036":"o","1037":"n","1038":" ","1039":"i","1040":"c","1041":"o","1042":"n","1043":"=","1044":"\\","1045":"\"","1046":"b","1047":"e","1048":"l","1049":"l","1050":"\\","1051":"\"","1052":">","1053":"<","1054":"/","1055":"f","1056":"o","1057":"n","1058":"t","1059":"-","1060":"a","1061":"w","1062":"e","1063":"s","1064":"o","1065":"m","1066":"e","1067":"-","1068":"i","1069":"c","1070":"o","1071":"n","1072":">","1073":"\\","1074":"r","1075":"\\","1076":"n","1077":" ","1078":" ","1079":" ","1080":" ","1081":" ","1082":" ","1083":" ","1084":" ","1085":" ","1086":" ","1087":"<","1088":"/","1089":"a","1090":">","1091":"\\","1092":"r","1093":"\\","1094":"n","1095":" ","1096":" ","1097":" ","1098":" ","1099":" ","1100":" ","1101":" ","1102":" ","1103":" ","1104":" ","1105":"<","1106":"u","1107":"l","1108":" ","1109":"c","1110":"l","1111":"a","1112":"s","1113":"s","1114":"=","1115":"\\","1116":"\"","1117":"d","1118":"r","1119":"o","1120":"p","1121":"d","1122":"o","1123":"w","1124":"n","1125":"-","1126":"m","1127":"e","1128":"n","1129":"u","1130":" ","1131":"d","1132":"r","1133":"o","1134":"p","1135":"d","1136":"o","1137":"w","1138":"n","1139":"-","1140":"m","1141":"e","1142":"n","1143":"u","1144":"-","1145":"l","1146":"g","1147":"-","1148":"e","1149":"n","1150":"d","1151":"\\","1152":"\"","1153":">","1154":"\\","1155":"r","1156":"\\","1157":"n","1158":" ","1159":" ","1160":" ","1161":" ","1162":" ","1163":" ","1164":" ","1165":" ","1166":" ","1167":" ","1168":" ","1169":" ","1170":"<","1171":"l","1172":"i","1173":" ","1174":"c","1175":"l","1176":"a","1177":"s","1178":"s","1179":"=","1180":"\\","1181":"\"","1182":"d","1183":"r","1184":"o","1185":"p","1186":"d","1187":"o","1188":"w","1189":"n","1190":"-","1191":"i","1192":"t","1193":"e","1194":"m","1195":"\\","1196":"\"","1197":">","1198":"N","1199":"o","1200":" ","1201":"t","1202":"i","1203":"e","1204":"n","1205":"e","1206":"s","1207":" ","1208":"n","1209":"o","1210":"t","1211":"i","1212":"f","1213":"i","1214":"c","1215":"a","1216":"c","1217":"i","1218":"o","1219":"n","1220":"e","1221":"s","1222":"<","1223":"/","1224":"l","1225":"i","1226":">","1227":"\\","1228":"r","1229":"\\","1230":"n","1231":" ","1232":" ","1233":" ","1234":" ","1235":" ","1236":" ","1237":" ","1238":" ","1239":" ","1240":" ","1241":"<","1242":"/","1243":"u","1244":"l","1245":">","1246":"\\","1247":"r","1248":"\\","1249":"n","1250":" ","1251":" ","1252":" ","1253":" ","1254":" ","1255":" ","1256":" ","1257":" ","1258":"<","1259":"/","1260":"d","1261":"i","1262":"v","1263":">","1264":"\\","1265":"r","1266":"\\","1267":"n","1268":" ","1269":" ","1270":" ","1271":" ","1272":" ","1273":" ","1274":" ","1275":" ","1276":"<","1277":"d","1278":"i","1279":"v","1280":" ","1281":"c","1282":"l","1283":"a","1284":"s","1285":"s","1286":"=","1287":"\\","1288":"\"","1289":"m","1290":"-","1291":"0","1292":"\\","1293":"\"","1294":">","1295":"\\","1296":"r","1297":"\\","1298":"n","1299":" ","1300":" ","1301":" ","1302":" ","1303":" ","1304":" ","1305":" ","1306":" ","1307":" ","1308":" ","1309":"<","1310":"a","1311":" ","1312":"c","1313":"l","1314":"a","1315":"s","1316":"s","1317":"=","1318":"\\","1319":"\"","1320":"n","1321":"a","1322":"v","1323":"b","1324":"a","1325":"r","1326":"-","1327":"b","1328":"r","1329":"a","1330":"n","1331":"d","1332":"\\","1333":"\"","1334":">","1335":"\\","1336":"r","1337":"\\","1338":"n","1339":" ","1340":" ","1341":" ","1342":" ","1343":" ","1344":" ","1345":" ","1346":" ","1347":" ","1348":" ","1349":" ","1350":" ","1351":"<","1352":"i","1353":"m","1354":"g","1355":"\\","1356":"r","1357":"\\","1358":"n","1359":" ","1360":" ","1361":" ","1362":" ","1363":" ","1364":" ","1365":" ","1366":" ","1367":" ","1368":" ","1369":" ","1370":" ","1371":" ","1372":" ","1373":"c","1374":"l","1375":"a","1376":"s","1377":"s","1378":"=","1379":"\\","1380":"\"","1381":"a","1382":"v","1383":"a","1384":"t","1385":"a","1386":"r","1387":"-","1388":"r","1389":"o","1390":"u","1391":"n","1392":"d","1393":"e","1394":"d","1395":"\\","1396":"\"","1397":"\\","1398":"r","1399":"\\","1400":"n","1401":" ","1402":" ","1403":" ","1404":" ","1405":" ","1406":" ","1407":" ","1408":" ","1409":" ","1410":" ","1411":" ","1412":" ","1413":" ","1414":" ","1415":"s","1416":"r","1417":"c","1418":"=","1419":"\\","1420":"\"","1421":"/","1422":"i","1423":"m","1424":"g","1425":"/","1426":"a","1427":"v","1428":"a","1429":"t","1430":"a","1431":"r","1432":".","1433":"j","1434":"p","1435":"g","1436":"\\","1437":"\"","1438":"\\","1439":"r","1440":"\\","1441":"n","1442":" ","1443":" ","1444":" ","1445":" ","1446":" ","1447":" ","1448":" ","1449":" ","1450":" ","1451":" ","1452":" ","1453":" ","1454":" ","1455":" ","1456":"w","1457":"i","1458":"d","1459":"t","1460":"h","1461":"=","1462":"\\","1463":"\"","1464":"4","1465":"0","1466":"\\","1467":"\"","1468":"\\","1469":"r","1470":"\\","1471":"n","1472":" ","1473":" ","1474":" ","1475":" ","1476":" ","1477":" ","1478":" ","1479":" ","1480":" ","1481":" ","1482":" ","1483":" ","1484":" ","1485":" ","1486":"h","1487":"e","1488":"i","1489":"g","1490":"h","1491":"t","1492":"=","1493":"\\","1494":"\"","1495":"4","1496":"0","1497":"\\","1498":"\"","1499":"\\","1500":"r","1501":"\\","1502":"n","1503":" ","1504":" ","1505":" ","1506":" ","1507":" ","1508":" ","1509":" ","1510":" ","1511":" ","1512":" ","1513":" ","1514":" ","1515":"/","1516":">","1517":"\\","1518":"r","1519":"\\","1520":"n","1521":" ","1522":" ","1523":" ","1524":" ","1525":" ","1526":" ","1527":" ","1528":" ","1529":" ","1530":" ","1531":"<","1532":"/","1533":"a","1534":">","1535":"\\","1536":"r","1537":"\\","1538":"n","1539":" ","1540":" ","1541":" ","1542":" ","1543":" ","1544":" ","1545":" ","1546":" ","1547":"<","1548":"/","1549":"d","1550":"i","1551":"v","1552":">","1553":"\\","1554":"r","1555":"\\","1556":"n","1557":" ","1558":" ","1559":" ","1560":" ","1561":" ","1562":" ","1563":"<","1564":"/","1565":"d","1566":"i","1567":"v","1568":">","1569":"\\","1570":"r","1571":"\\","1572":"n","1573":" ","1574":" ","1575":" ","1576":" ","1577":"<","1578":"/","1579":"n","1580":"a","1581":"v","1582":">","1583":"\\","1584":"r","1585":"\\","1586":"n","1587":"\\","1588":"r","1589":"\\","1590":"n","1591":" ","1592":" ","1593":" ","1594":" ","1595":"<","1596":"d","1597":"i","1598":"v","1599":" ","1600":"c","1601":"l","1602":"a","1603":"s","1604":"s","1605":"=","1606":"\\","1607":"\"","1608":"w","1609":"r","1610":"a","1611":"p","1612":"p","1613":"e","1614":"r","1615":"-","1616":"d","1617":"o","1618":"c","1619":"k","1620":"\\","1621":"\"","1622":">","1623":"\\","1624":"r","1625":"\\","1626":"n","1627":" ","1628":" ","1629":" ","1630":" ","1631":" ","1632":" ","1633":"<","1634":"d","1635":"i","1636":"v","1637":" ","1638":"c","1639":"l","1640":"a","1641":"s","1642":"s","1643":"=","1644":"\\","1645":"\"","1646":"s","1647":"i","1648":"d","1649":"e","1650":"b","1651":"a","1652":"r","1653":"\\","1654":"\"","1655":">","1656":"\\","1657":"r","1658":"\\","1659":"n","1660":" ","1661":" ","1662":" ","1663":" ","1664":" ","1665":" ","1666":" ","1667":" ","1668":"<","1669":"u","1670":"l","1671":">","1672":"\\","1673":"r","1674":"\\","1675":"n","1676":" ","1677":" ","1678":" ","1679":" ","1680":" ","1681":" ","1682":" ","1683":" ","1684":" ","1685":" ","1686":"<","1687":"l","1688":"i","1689":">","1690":"<","1691":"/","1692":"l","1693":"i","1694":">","1695":"\\","1696":"r","1697":"\\","1698":"n","1699":" ","1700":" ","1701":" ","1702":" ","1703":" ","1704":" ","1705":" ","1706":" ","1707":" ","1708":" ","1709":"<","1710":"a","1711":" ","1712":"h","1713":"r","1714":"e","1715":"f","1716":"=","1717":"\\","1718":"\"","1719":"\\","1720":"\"","1721":" ","1722":"v","1723":"-","1724":"o","1725":"n","1726":":","1727":"c","1728":"l","1729":"i","1730":"c","1731":"k","1732":".","1733":"p","1734":"r","1735":"e","1736":"v","1737":"e","1738":"n","1739":"t","1740":"=","1741":"\\","1742":"\"","1743":"$","1744":"r","1745":"o","1746":"u","1747":"t","1748":"e","1749":"r","1750":".","1751":"p","1752":"u","1753":"s","1754":"h","1755":"(","1756":"'","1757":"/","1758":"'","1759":")","1760":"\\","1761":"\"","1762":">","1763":"\\","1764":"r","1765":"\\","1766":"n","1767":" ","1768":" ","1769":" ","1770":" ","1771":" ","1772":" ","1773":" ","1774":" ","1775":" ","1776":" ","1777":" ","1778":" ","1779":"<","1780":"l","1781":"i","1782":" ","1783":"c","1784":"l","1785":"a","1786":"s","1787":"s","1788":"=","1789":"\\","1790":"\"","1791":"s","1792":"i","1793":"d","1794":"e","1795":"b","1796":"a","1797":"r","1798":"-","1799":"i","1800":"t","1801":"e","1802":"m","1803":"\\","1804":"\"","1805":">","1806":"\\","1807":"r","1808":"\\","1809":"n","1810":" ","1811":" ","1812":" ","1813":" ","1814":" ","1815":" ","1816":" ","1817":" ","1818":" ","1819":" ","1820":" ","1821":" ","1822":" ","1823":" ","1824":"<","1825":"f","1826":"o","1827":"n","1828":"t","1829":"-","1830":"a","1831":"w","1832":"e","1833":"s","1834":"o","1835":"m","1836":"e","1837":"-","1838":"i","1839":"c","1840":"o","1841":"n","1842":" ","1843":"i","1844":"c","1845":"o","1846":"n","1847":"=","1848":"\\","1849":"\"","1850":"h","1851":"o","1852":"m","1853":"e","1854":"\\","1855":"\"","1856":">","1857":"<","1858":"/","1859":"f","1860":"o","1861":"n","1862":"t","1863":"-","1864":"a","1865":"w","1866":"e","1867":"s","1868":"o","1869":"m","1870":"e","1871":"-","1872":"i","1873":"c","1874":"o","1875":"n","1876":">","1877":"\\","1878":"r","1879":"\\","1880":"n","1881":" ","1882":" ","1883":" ","1884":" ","1885":" ","1886":" ","1887":" ","1888":" ","1889":" ","1890":" ","1891":" ","1892":" ","1893":" ","1894":" ","1895":"D","1896":"a","1897":"s","1898":"h","1899":"b","1900":"o","1901":"a","1902":"r","1903":"d","1904":"\\","1905":"r","1906":"\\","1907":"n","1908":" ","1909":" ","1910":" ","1911":" ","1912":" ","1913":" ","1914":" ","1915":" ","1916":" ","1917":" ","1918":" ","1919":" ","1920":"<","1921":"/","1922":"l","1923":"i","1924":">","1925":"\\","1926":"r","1927":"\\","1928":"n","1929":" ","1930":" ","1931":" ","1932":" ","1933":" ","1934":" ","1935":" ","1936":" ","1937":" ","1938":" ","1939":"<","1940":"/","1941":"a","1942":">","1943":"\\","1944":"r","1945":"\\","1946":"n","1947":" ","1948":" ","1949":" ","1950":" ","1951":" ","1952":" ","1953":" ","1954":" ","1955":" ","1956":" ","1957":"<","1958":"a","1959":" ","1960":"h","1961":"r","1962":"e","1963":"f","1964":"=","1965":"\\","1966":"\"","1967":"\\","1968":"\"","1969":" ","1970":"v","1971":"-","1972":"o","1973":"n","1974":":","1975":"c","1976":"l","1977":"i","1978":"c","1979":"k","1980":".","1981":"p","1982":"r","1983":"e","1984":"v","1985":"e","1986":"n","1987":"t","1988":"=","1989":"\\","1990":"\"","1991":"$","1992":"r","1993":"o","1994":"u","1995":"t","1996":"e","1997":"r","1998":".","1999":"p","2000":"u","2001":"s","2002":"h","2003":"(","2004":"'","2005":"/","2006":"r","2007":"e","2008":"p","2009":"o","2010":"r","2011":"t","2012":"'","2013":")","2014":"\\","2015":"\"","2016":">","2017":"\\","2018":"r","2019":"\\","2020":"n","2021":" ","2022":" ","2023":" ","2024":" ","2025":" ","2026":" ","2027":" ","2028":" ","2029":" ","2030":" ","2031":" ","2032":" ","2033":"<","2034":"l","2035":"i","2036":" ","2037":"c","2038":"l","2039":"a","2040":"s","2041":"s","2042":"=","2043":"\\","2044":"\"","2045":"s","2046":"i","2047":"d","2048":"e","2049":"b","2050":"a","2051":"r","2052":"-","2053":"i","2054":"t","2055":"e","2056":"m","2057":"\\","2058":"\"","2059":">","2060":"\\","2061":"r","2062":"\\","2063":"n","2064":" ","2065":" ","2066":" ","2067":" ","2068":" ","2069":" ","2070":" ","2071":" ","2072":" ","2073":" ","2074":" ","2075":" ","2076":" ","2077":" ","2078":"<","2079":"f","2080":"o","2081":"n","2082":"t","2083":"-","2084":"a","2085":"w","2086":"e","2087":"s","2088":"o","2089":"m","2090":"e","2091":"-","2092":"i","2093":"c","2094":"o","2095":"n","2096":" ","2097":"i","2098":"c","2099":"o","2100":"n","2101":"=","2102":"\\","2103":"\"","2104":"c","2105":"h","2106":"a","2107":"r","2108":"t","2109":"-","2110":"l","2111":"i","2112":"n","2113":"e","2114":"\\","2115":"\"","2116":">","2117":"<","2118":"/","2119":"f","2120":"o","2121":"n","2122":"t","2123":"-","2124":"a","2125":"w","2126":"e","2127":"s","2128":"o","2129":"m","2130":"e","2131":"-","2132":"i","2133":"c","2134":"o","2135":"n","2136":">","2137":"\\","2138":"r","2139":"\\","2140":"n","2141":" ","2142":" ","2143":" ","2144":" ","2145":" ","2146":" ","2147":" ","2148":" ","2149":" ","2150":" ","2151":" ","2152":" ","2153":" ","2154":" ","2155":"A","2156":"c","2157":"t","2158":"i","2159":"v","2160":"i","2161":"d","2162":"a","2163":"d","2164":"e","2165":"s","2166":"\\","2167":"r","2168":"\\","2169":"n","2170":" ","2171":" ","2172":" ","2173":" ","2174":" ","2175":" ","2176":" ","2177":" ","2178":" ","2179":" ","2180":" ","2181":" ","2182":"<","2183":"/","2184":"l","2185":"i","2186":">","2187":"\\","2188":"r","2189":"\\","2190":"n","2191":" ","2192":" ","2193":" ","2194":" ","2195":" ","2196":" ","2197":" ","2198":" ","2199":" ","2200":" ","2201":"<","2202":"/","2203":"a","2204":">","2205":"\\","2206":"r","2207":"\\","2208":"n","2209":" ","2210":" ","2211":" ","2212":" ","2213":" ","2214":" ","2215":" ","2216":" ","2217":" ","2218":" ","2219":"<","2220":"a","2221":" ","2222":"h","2223":"r","2224":"e","2225":"f","2226":"=","2227":"\\","2228":"\"","2229":"\\","2230":"\"","2231":" ","2232":"v","2233":"-","2234":"o","2235":"n","2236":":","2237":"c","2238":"l","2239":"i","2240":"c","2241":"k","2242":".","2243":"p","2244":"r","2245":"e","2246":"v","2247":"e","2248":"n","2249":"t","2250":"=","2251":"\\","2252":"\"","2253":"$","2254":"r","2255":"o","2256":"u","2257":"t","2258":"e","2259":"r","2260":".","2261":"p","2262":"u","2263":"s","2264":"h","2265":"(","2266":"'","2267":"/","2268":"p","2269":"r","2270":"o","2271":"j","2272":"e","2273":"c","2274":"t","2275":"'","2276":")","2277":"\\","2278":"\"","2279":">","2280":"\\","2281":"r","2282":"\\","2283":"n","2284":" ","2285":" ","2286":" ","2287":" ","2288":" ","2289":" ","2290":" ","2291":" ","2292":" ","2293":" ","2294":" ","2295":" ","2296":"<","2297":"l","2298":"i","2299":" ","2300":"c","2301":"l","2302":"a","2303":"s","2304":"s","2305":"=","2306":"\\","2307":"\"","2308":"s","2309":"i","2310":"d","2311":"e","2312":"b","2313":"a","2314":"r","2315":"-","2316":"i","2317":"t","2318":"e","2319":"m","2320":"\\","2321":"\"","2322":">","2323":"\\","2324":"r","2325":"\\","2326":"n","2327":" ","2328":" ","2329":" ","2330":" ","2331":" ","2332":" ","2333":" ","2334":" ","2335":" ","2336":" ","2337":" ","2338":" ","2339":" ","2340":" ","2341":"<","2342":"f","2343":"o","2344":"n","2345":"t","2346":"-","2347":"a","2348":"w","2349":"e","2350":"s","2351":"o","2352":"m","2353":"e","2354":"-","2355":"i","2356":"c","2357":"o","2358":"n","2359":" ","2360":"i","2361":"c","2362":"o","2363":"n","2364":"=","2365":"\\","2366":"\"","2367":"l","2368":"i","2369":"s","2370":"t","2371":"-","2372":"c","2373":"h","2374":"e","2375":"c","2376":"k","2377":"\\","2378":"\"","2379":">","2380":"<","2381":"/","2382":"f","2383":"o","2384":"n","2385":"t","2386":"-","2387":"a","2388":"w","2389":"e","2390":"s","2391":"o","2392":"m","2393":"e","2394":"-","2395":"i","2396":"c","2397":"o","2398":"n","2399":">","2400":"\\","2401":"r","2402":"\\","2403":"n","2404":" ","2405":" ","2406":" ","2407":" ","2408":" ","2409":" ","2410":" ","2411":" ","2412":" ","2413":" ","2414":" ","2415":" ","2416":" ","2417":" ","2418":"P","2419":"r","2420":"o","2421":"y","2422":"e","2423":"c","2424":"t","2425":"o","2426":"s","2427":"\\","2428":"r","2429":"\\","2430":"n","2431":" ","2432":" ","2433":" ","2434":" ","2435":" ","2436":" ","2437":" ","2438":" ","2439":" ","2440":" ","2441":" ","2442":" ","2443":"<","2444":"/","2445":"l","2446":"i","2447":">","2448":"\\","2449":"r","2450":"\\","2451":"n","2452":" ","2453":" ","2454":" ","2455":" ","2456":" ","2457":" ","2458":" ","2459":" ","2460":" ","2461":" ","2462":"<","2463":"/","2464":"a","2465":">","2466":"\\","2467":"r","2468":"\\","2469":"n","2470":" ","2471":" ","2472":" ","2473":" ","2474":" ","2475":" ","2476":" ","2477":" ","2478":"<","2479":"/","2480":"u","2481":"l","2482":">","2483":"\\","2484":"r","2485":"\\","2486":"n","2487":" ","2488":" ","2489":" ","2490":" ","2491":" ","2492":" ","2493":" ","2494":" ","2495":"<","2496":"d","2497":"i","2498":"v","2499":" ","2500":"c","2501":"l","2502":"a","2503":"s","2504":"s","2505":"=","2506":"\\","2507":"\"","2508":"l","2509":"o","2510":"g","2511":"o","2512":"u","2513":"t","2514":"\\","2515":"\"","2516":">","2517":"\\","2518":"r","2519":"\\","2520":"n","2521":" ","2522":" ","2523":" ","2524":" ","2525":" ","2526":" ","2527":" ","2528":" ","2529":" ","2530":" ","2531":"<","2532":"u","2533":"l","2534":">","2535":"\\","2536":"r","2537":"\\","2538":"n","2539":" ","2540":" ","2541":" ","2542":" ","2543":" ","2544":" ","2545":" ","2546":" ","2547":" ","2548":" ","2549":" ","2550":" ","2551":"<","2552":"a","2553":" ","2554":"h","2555":"r","2556":"e","2557":"f","2558":"=","2559":"\\","2560":"\"","2561":"\\","2562":"\"","2563":" ","2564":"v","2565":"-","2566":"o","2567":"n","2568":":","2569":"c","2570":"l","2571":"i","2572":"c","2573":"k","2574":".","2575":"p","2576":"r","2577":"e","2578":"v","2579":"e","2580":"n","2581":"t","2582":"=","2583":"\\","2584":"\"","2585":"$","2586":"r","2587":"o","2588":"u","2589":"t","2590":"e","2591":"r","2592":".","2593":"p","2594":"u","2595":"s","2596":"h","2597":"(","2598":"'","2599":"/","2600":"l","2601":"o","2602":"g","2603":"i","2604":"n","2605":"'","2606":")","2607":"\\","2608":"\"","2609":">","2610":"\\","2611":"r","2612":"\\","2613":"n","2614":" ","2615":" ","2616":" ","2617":" ","2618":" ","2619":" ","2620":" ","2621":" ","2622":" ","2623":" ","2624":" ","2625":" ","2626":" ","2627":" ","2628":"<","2629":"l","2630":"i","2631":" ","2632":"c","2633":"l","2634":"a","2635":"s","2636":"s","2637":"=","2638":"\\","2639":"\"","2640":"s","2641":"i","2642":"d","2643":"e","2644":"b","2645":"a","2646":"r","2647":"-","2648":"i","2649":"t","2650":"e","2651":"m","2652":"\\","2653":"\"","2654":">","2655":"\\","2656":"r","2657":"\\","2658":"n","2659":" ","2660":" ","2661":" ","2662":" ","2663":" ","2664":" ","2665":" ","2666":" ","2667":" ","2668":" ","2669":" ","2670":" ","2671":" ","2672":" ","2673":" ","2674":" ","2675":"<","2676":"f","2677":"o","2678":"n","2679":"t","2680":"-","2681":"a","2682":"w","2683":"e","2684":"s","2685":"o","2686":"m","2687":"e","2688":"-","2689":"i","2690":"c","2691":"o","2692":"n","2693":"\\","2694":"r","2695":"\\","2696":"n","2697":" ","2698":" ","2699":" ","2700":" ","2701":" ","2702":" ","2703":" ","2704":" ","2705":" ","2706":" ","2707":" ","2708":" ","2709":" ","2710":" ","2711":" ","2712":" ","2713":" ","2714":" ","2715":"i","2716":"c","2717":"o","2718":"n","2719":"=","2720":"\\","2721":"\"","2722":"r","2723":"i","2724":"g","2725":"h","2726":"t","2727":"-","2728":"f","2729":"r","2730":"o","2731":"m","2732":"-","2733":"b","2734":"r","2735":"a","2736":"c","2737":"k","2738":"e","2739":"t","2740":"\\","2741":"\"","2742":"\\","2743":"r","2744":"\\","2745":"n","2746":" ","2747":" ","2748":" ","2749":" ","2750":" ","2751":" ","2752":" ","2753":" ","2754":" ","2755":" ","2756":" ","2757":" ","2758":" ","2759":" ","2760":" ","2761":" ","2762":">","2763":"<","2764":"/","2765":"f","2766":"o","2767":"n","2768":"t","2769":"-","2770":"a","2771":"w","2772":"e","2773":"s","2774":"o","2775":"m","2776":"e","2777":"-","2778":"i","2779":"c","2780":"o","2781":"n","2782":">","2783":"\\","2784":"r","2785":"\\","2786":"n","2787":" ","2788":" ","2789":" ","2790":" ","2791":" ","2792":" ","2793":" ","2794":" ","2795":" ","2796":" ","2797":" ","2798":" ","2799":" ","2800":" ","2801":" ","2802":" ","2803":"C","2804":"e","2805":"r","2806":"r","2807":"a","2808":"r","2809":" ","2810":"s","2811":"e","2812":"s","2813":"i","2814":"ó","2815":"n","2816":"\\","2817":"r","2818":"\\","2819":"n","2820":" ","2821":" ","2822":" ","2823":" ","2824":" ","2825":" ","2826":" ","2827":" ","2828":" ","2829":" ","2830":" ","2831":" ","2832":" ","2833":" ","2834":"<","2835":"/","2836":"l","2837":"i","2838":">","2839":"\\","2840":"r","2841":"\\","2842":"n","2843":" ","2844":" ","2845":" ","2846":" ","2847":" ","2848":" ","2849":" ","2850":" ","2851":" ","2852":" ","2853":" ","2854":" ","2855":"<","2856":"/","2857":"a","2858":">","2859":"\\","2860":"r","2861":"\\","2862":"n","2863":" ","2864":" ","2865":" ","2866":" ","2867":" ","2868":" ","2869":" ","2870":" ","2871":" ","2872":" ","2873":"<","2874":"/","2875":"u","2876":"l","2877":">","2878":"\\","2879":"r","2880":"\\","2881":"n","2882":" ","2883":" ","2884":" ","2885":" ","2886":" ","2887":" ","2888":" ","2889":" ","2890":"<","2891":"/","2892":"d","2893":"i","2894":"v","2895":">","2896":"\\","2897":"r","2898":"\\","2899":"n","2900":" ","2901":" ","2902":" ","2903":" ","2904":" ","2905":" ","2906":"<","2907":"/","2908":"d","2909":"i","2910":"v","2911":">","2912":"\\","2913":"r","2914":"\\","2915":"n","2916":"\\","2917":"r","2918":"\\","2919":"n","2920":" ","2921":" ","2922":" ","2923":" ","2924":" ","2925":" ","2926":"<","2927":"d","2928":"i","2929":"v","2930":" ","2931":"c","2932":"l","2933":"a","2934":"s","2935":"s","2936":"=","2937":"\\","2938":"\"","2939":"c","2940":"o","2941":"n","2942":"t","2943":"a","2944":"i","2945":"n","2946":"e","2947":"r","2948":"-","2949":"d","2950":"o","2951":"c","2952":"k","2953":"\\","2954":"\"","2955":">","2956":"\\","2957":"r","2958":"\\","2959":"n","2960":" ","2961":" ","2962":" ","2963":" ","2964":" ","2965":" ","2966":" ","2967":" ","2968":"<","2969":"d","2970":"i","2971":"v","2972":" ","2973":"c","2974":"l","2975":"a","2976":"s","2977":"s","2978":"=","2979":"\\","2980":"\"","2981":"f","2982":"i","2983":"g","2984":"u","2985":"r","2986":"e","2987":"-","2988":"c","2989":"o","2990":"n","2991":"t","2992":"e","2993":"n","2994":"t","2995":" ","2996":"d","2997":"-","2998":"f","2999":"l","3000":"e","3001":"x","3002":"\\","3003":"\"","3004":">","3005":"\\","3006":"r","3007":"\\","3008":"n","3009":" ","3010":" ","3011":" ","3012":" ","3013":" ","3014":" ","3015":" ","3016":" ","3017":" ","3018":" ","3019":"<","3020":"f","3021":"i","3022":"g","3023":"u","3024":"r","3025":"e","3026":">","3027":"\\","3028":"r","3029":"\\","3030":"n","3031":" ","3032":" ","3033":" ","3034":" ","3035":" ","3036":" ","3037":" ","3038":" ","3039":" ","3040":" ","3041":" ","3042":" ","3043":"<","3044":"i","3045":"m","3046":"g","3047":" ","3048":"s","3049":"r","3050":"c","3051":"=","3052":"\\","3053":"\"","3054":"/","3055":"i","3056":"m","3057":"g","3058":"/","3059":"d","3060":"e","3061":"c","3062":"o","3063":"r","3064":"a","3065":"d","3066":"o","3067":"r","3068":".","3069":"p","3070":"n","3071":"g","3072":"\\","3073":"\"","3074":" ","3075":"/","3076":">","3077":"\\","3078":"r","3079":"\\","3080":"n","3081":" ","3082":" ","3083":" ","3084":" ","3085":" ","3086":" ","3087":" ","3088":" ","3089":" ","3090":" ","3091":"<","3092":"/","3093":"f","3094":"i","3095":"g","3096":"u","3097":"r","3098":"e","3099":">","3100":"\\","3101":"r","3102":"\\","3103":"n","3104":" ","3105":" ","3106":" ","3107":" ","3108":" ","3109":" ","3110":" ","3111":" ","3112":"<","3113":"/","3114":"d","3115":"i","3116":"v","3117":">","3118":"\\","3119":"r","3120":"\\","3121":"n","3122":" ","3123":" ","3124":" ","3125":" ","3126":" ","3127":" ","3128":" ","3129":" ","3130":"<","3131":"r","3132":"o","3133":"u","3134":"t","3135":"e","3136":"r","3137":"-","3138":"v","3139":"i","3140":"e","3141":"w","3142":">","3143":"<","3144":"/","3145":"r","3146":"o","3147":"u","3148":"t","3149":"e","3150":"r","3151":"-","3152":"v","3153":"i","3154":"e","3155":"w","3156":">","3157":"\\","3158":"r","3159":"\\","3160":"n","3161":" ","3162":" ","3163":" ","3164":" ","3165":" ","3166":" ","3167":"<","3168":"/","3169":"d","3170":"i","3171":"v","3172":">","3173":"\\","3174":"r","3175":"\\","3176":"n","3177":" ","3178":" ","3179":" ","3180":" ","3181":"<","3182":"/","3183":"d","3184":"i","3185":"v","3186":">","3187":"\\","3188":"r","3189":"\\","3190":"n","3191":" ","3192":" ","3193":"<","3194":"/","3195":"d","3196":"i","3197":"v","3198":">","3199":"\\","3200":"r","3201":"\\","3202":"n","3203":"<","3204":"/","3205":"t","3206":"e","3207":"m","3208":"p","3209":"l","3210":"a","3211":"t","3212":"e","3213":">","3214":"\\","3215":"r","3216":"\\","3217":"n","3218":"\\","3219":"r","3220":"\\","3221":"n","3222":"<","3223":"s","3224":"c","3225":"r","3226":"i","3227":"p","3228":"t","3229":" ","3230":"l","3231":"a","3232":"n","3233":"g","3234":"=","3235":"\\","3236":"\"","3237":"t","3238":"s","3239":"\\","3240":"\"","3241":">","3242":"\\","3243":"r","3244":"\\","3245":"n","3246":"i","3247":"m","3248":"p","3249":"o","3250":"r","3251":"t","3252":" ","3253":"{","3254":" ","3255":"V","3256":"u","3257":"e","3258":" ","3259":"}","3260":" ","3261":"f","3262":"r","3263":"o","3264":"m","3265":" ","3266":"\\","3267":"\"","3268":"v","3269":"u","3270":"e","3271":"-","3272":"c","3273":"l","3274":"a","3275":"s","3276":"s","3277":"-","3278":"c","3279":"o","3280":"m","3281":"p","3282":"o","3283":"n","3284":"e","3285":"n","3286":"t","3287":"\\","3288":"\"","3289":";","3290":"\\","3291":"r","3292":"\\","3293":"n","3294":"e","3295":"x","3296":"p","3297":"o","3298":"r","3299":"t","3300":" ","3301":"d","3302":"e","3303":"f","3304":"a","3305":"u","3306":"l","3307":"t","3308":" ","3309":"c","3310":"l","3311":"a","3312":"s","3313":"s","3314":" ","3315":"E","3316":"r","3317":"r","3318":"o","3319":"r","3320":"N","3321":"o","3322":"t","3323":"F","3324":"o","3325":"u","3326":"n","3327":"d","3328":" ","3329":"e","3330":"x","3331":"t","3332":"e","3333":"n","3334":"d","3335":"s","3336":" ","3337":"V","3338":"u","3339":"e","3340":" ","3341":"{","3342":"}","3343":"\\","3344":"r","3345":"\\","3346":"n","3347":"<","3348":"/","3349":"s","3350":"c","3351":"r","3352":"i","3353":"p","3354":"t","3355":">","3356":"\\","3357":"r","3358":"\\","3359":"n","3360":"\\","3361":"r","3362":"\\","3363":"n","3364":"<","3365":"s","3366":"t","3367":"y","3368":"l","3369":"e","3370":" ","3371":"s","3372":"c","3373":"o","3374":"p","3375":"e","3376":"d","3377":" ","3378":"l","3379":"a","3380":"n","3381":"g","3382":"=","3383":"\\","3384":"\"","3385":"s","3386":"c","3387":"s","3388":"s","3389":"\\","3390":"\"","3391":">","3392":"\\","3393":"r","3394":"\\","3395":"n","3396":".","3397":"l","3398":"o","3399":"g","3400":"o","3401":"u","3402":"t","3403":" ","3404":"{","3405":"\\","3406":"r","3407":"\\","3408":"n","3409":" ","3410":" ","3411":"h","3412":"e","3413":"i","3414":"g","3415":"h","3416":"t","3417":":","3418":" ","3419":"f","3420":"i","3421":"t","3422":"-","3423":"c","3424":"o","3425":"n","3426":"t","3427":"e","3428":"n","3429":"t","3430":";","3431":"\\","3432":"r","3433":"\\","3434":"n","3435":" ","3436":" ","3437":"p","3438":"a","3439":"d","3440":"d","3441":"i","3442":"n","3443":"g","3444":":","3445":" ","3446":"4","3447":"0","3448":"p","3449":"x","3450":" ","3451":"0","3452":";","3453":"\\","3454":"r","3455":"\\","3456":"n","3457":"}","3458":"\\","3459":"r","3460":"\\","3461":"n","3462":"\\","3463":"r","3464":"\\","3465":"n","3466":".","3467":"l","3468":"o","3469":"g","3470":"o","3471":"u","3472":"t","3473":" ","3474":"*","3475":" ","3476":"{","3477":"\\","3478":"r","3479":"\\","3480":"n","3481":" ","3482":" ","3483":"m","3484":"a","3485":"r","3486":"g","3487":"i","3488":"n","3489":":","3490":" ","3491":"0","3492":" ","3493":"a","3494":"u","3495":"t","3496":"o","3497":";","3498":"\\","3499":"r","3500":"\\","3501":"n","3502":"}","3503":"\\","3504":"r","3505":"\\","3506":"n","3507":"<","3508":"/","3509":"s","3510":"t","3511":"y","3512":"l","3513":"e","3514":">","3515":"\\","3516":"r","3517":"\\","3518":"n","3519":"\"","3520":"]","3521":"}"},"_coverageSchema":"1a1c01bbd47fc00a2c39e90264f33305004495a9","hash":"f8ae9bada5df7fa1e156f8e4c71f63a729c6c457"}
,"C:\\Users\\uservk\\Desktop\\NuevoFrontend\\frontend\\src\\components\\LoginForm.vue": {"path":"C:\\Users\\uservk\\Desktop\\NuevoFrontend\\frontend\\src\\components\\LoginForm.vue","statementMap":{"0":{"start":{"line":5,"column":16},"end":{"line":24,"column":3}},"1":{"start":{"line":6,"column":22},"end":{"line":15,"column":3}},"2":{"start":{"line":7,"column":4},"end":{"line":13,"column":6}},"3":{"start":{"line":10,"column":6},"end":{"line":10,"column":22}},"4":{"start":{"line":12,"column":6},"end":{"line":12,"column":83}},"5":{"start":{"line":12,"column":23},"end":{"line":12,"column":83}},"6":{"start":{"line":12,"column":71},"end":{"line":12,"column":83}},"7":{"start":{"line":14,"column":4},"end":{"line":14,"column":31}},"8":{"start":{"line":16,"column":2},"end":{"line":23,"column":4}},"9":{"start":{"line":17,"column":4},"end":{"line":17,"column":137}},"10":{"start":{"line":17,"column":47},"end":{"line":17,"column":137}},"11":{"start":{"line":18,"column":4},"end":{"line":18,"column":24}},"12":{"start":{"line":20,"column":6},"end":{"line":20,"column":27}},"13":{"start":{"line":22,"column":4},"end":{"line":22,"column":89}},"14":{"start":{"line":25,"column":22},"end":{"line":29,"column":1}},"15":{"start":{"line":26,"column":2},"end":{"line":28,"column":4}},"16":{"start":{"line":30,"column":0},"end":{"line":32,"column":3}},"17":{"start":{"line":33,"column":28},"end":{"line":33,"column":58}},"18":{"start":{"line":34,"column":26},"end":{"line":34,"column":85}},"19":{"start":{"line":35,"column":29},"end":{"line":99,"column":28}},"20":{"start":{"line":36,"column":2},"end":{"line":36,"column":31}},"21":{"start":{"line":38,"column":16},"end":{"line":38,"column":72}},"22":{"start":{"line":39,"column":4},"end":{"line":44,"column":7}},"23":{"start":{"line":45,"column":4},"end":{"line":50,"column":7}},"24":{"start":{"line":51,"column":4},"end":{"line":56,"column":7}},"25":{"start":{"line":57,"column":4},"end":{"line":62,"column":7}},"26":{"start":{"line":63,"column":4},"end":{"line":63,"column":17}},"27":{"start":{"line":65,"column":2},"end":{"line":85,"column":5}},"28":{"start":{"line":70,"column":18},"end":{"line":70,"column":22}},"29":{"start":{"line":71,"column":6},"end":{"line":83,"column":9}},"30":{"start":{"line":75,"column":8},"end":{"line":75,"column":72}},"31":{"start":{"line":76,"column":8},"end":{"line":79,"column":9}},"32":{"start":{"line":77,"column":10},"end":{"line":77,"column":78}},"33":{"start":{"line":78,"column":10},"end":{"line":78,"column":34}},"34":{"start":{"line":80,"column":8},"end":{"line":80,"column":26}},"35":{"start":{"line":82,"column":8},"end":{"line":82,"column":34}},"36":{"start":{"line":86,"column":2},"end":{"line":97,"column":5}},"37":{"start":{"line":91,"column":21},"end":{"line":91,"column":56}},"38":{"start":{"line":92,"column":6},"end":{"line":95,"column":7}},"39":{"start":{"line":93,"column":8},"end":{"line":93,"column":71}},"40":{"start":{"line":94,"column":8},"end":{"line":94,"column":75}},"41":{"start":{"line":98,"column":2},"end":{"line":98,"column":19}},"42":{"start":{"line":100,"column":0},"end":{"line":100,"column":28}},"43":{"start":{"line":101,"column":0},"end":{"line":101,"column":13}},"44":{"start":{"line":102,"column":0},"end":{"line":102,"column":62}},"45":{"start":{"line":103,"column":0},"end":{"line":103,"column":24}},"46":{"start":{"line":104,"column":12},"end":{"line":104,"column":26}},"47":{"start":{"line":105,"column":17},"end":{"line":105,"column":41}},"48":{"start":{"line":106,"column":17},"end":{"line":106,"column":49}},"49":{"start":{"line":107,"column":31},"end":{"line":109,"column":20}},"50":{"start":{"line":110,"column":17},"end":{"line":110,"column":45}},"51":{"start":{"line":111,"column":31},"end":{"line":111,"column":133}},"52":{"start":{"line":112,"column":17},"end":{"line":112,"column":38}},"53":{"start":{"line":113,"column":17},"end":{"line":113,"column":56}},"54":{"start":{"line":114,"column":31},"end":{"line":117,"column":45}},"55":{"start":{"line":118,"column":17},"end":{"line":118,"column":56}},"56":{"start":{"line":119,"column":32},"end":{"line":122,"column":35}},"57":{"start":{"line":123,"column":32},"end":{"line":129,"column":26}},"58":{"start":{"line":130,"column":18},"end":{"line":130,"column":46}},"59":{"start":{"line":131,"column":32},"end":{"line":131,"column":116}},"60":{"start":{"line":132,"column":18},"end":{"line":134,"column":1}},"61":{"start":{"line":135,"column":32},"end":{"line":140,"column":20}},"62":{"start":{"line":142,"column":39},"end":{"line":142,"column":87}},"63":{"start":{"line":143,"column":4},"end":{"line":218,"column":8}},"64":{"start":{"line":151,"column":31},"end":{"line":151,"column":33}},"65":{"start":{"line":152,"column":20},"end":{"line":154,"column":21}},"66":{"start":{"line":152,"column":34},"end":{"line":152,"column":35}},"67":{"start":{"line":153,"column":24},"end":{"line":153,"column":49}},"68":{"start":{"line":155,"column":20},"end":{"line":155,"column":72}},"69":{"start":{"line":170,"column":97},"end":{"line":170,"column":128}},"70":{"start":{"line":183,"column":97},"end":{"line":183,"column":129}},"71":{"start":{"line":194,"column":43},"end":{"line":194,"column":45}},"72":{"start":{"line":195,"column":32},"end":{"line":197,"column":33}},"73":{"start":{"line":195,"column":46},"end":{"line":195,"column":47}},"74":{"start":{"line":196,"column":36},"end":{"line":196,"column":61}},"75":{"start":{"line":198,"column":32},"end":{"line":198,"column":98}},"76":{"start":{"line":220,"column":0},"end":{"line":220,"column":24}},"77":{"start":{"line":222,"column":7},"end":{"line":225,"column":6}},"78":{"start":{"line":225,"column":7},"end":{"line":225,"column":54}}},"fnMap":{"0":{"name":"(anonymous_0)","decl":{"start":{"line":5,"column":42},"end":{"line":5,"column":43}},"loc":{"start":{"line":5,"column":54},"end":{"line":24,"column":1}},"line":5},"1":{"name":"(anonymous_1)","decl":{"start":{"line":6,"column":22},"end":{"line":6,"column":23}},"loc":{"start":{"line":6,"column":38},"end":{"line":15,"column":3}},"line":6},"2":{"name":"(anonymous_2)","decl":{"start":{"line":9,"column":26},"end":{"line":9,"column":27}},"loc":{"start":{"line":9,"column":42},"end":{"line":11,"column":5}},"line":9},"3":{"name":"(anonymous_3)","decl":{"start":{"line":11,"column":9},"end":{"line":11,"column":10}},"loc":{"start":{"line":11,"column":25},"end":{"line":13,"column":5}},"line":11},"4":{"name":"(anonymous_4)","decl":{"start":{"line":16,"column":9},"end":{"line":16,"column":10}},"loc":{"start":{"line":16,"column":25},"end":{"line":23,"column":3}},"line":16},"5":{"name":"__","decl":{"start":{"line":19,"column":13},"end":{"line":19,"column":15}},"loc":{"start":{"line":19,"column":18},"end":{"line":21,"column":5}},"line":19},"6":{"name":"(anonymous_6)","decl":{"start":{"line":25,"column":54},"end":{"line":25,"column":55}},"loc":{"start":{"line":25,"column":69},"end":{"line":29,"column":1}},"line":25},"7":{"name":"(anonymous_7)","decl":{"start":{"line":35,"column":29},"end":{"line":35,"column":30}},"loc":{"start":{"line":35,"column":47},"end":{"line":99,"column":1}},"line":35},"8":{"name":"LoginForm","decl":{"start":{"line":37,"column":11},"end":{"line":37,"column":20}},"loc":{"start":{"line":37,"column":23},"end":{"line":64,"column":3}},"line":37},"9":{"name":"(anonymous_9)","decl":{"start":{"line":69,"column":11},"end":{"line":69,"column":12}},"loc":{"start":{"line":69,"column":23},"end":{"line":84,"column":5}},"line":69},"10":{"name":"(anonymous_10)","decl":{"start":{"line":74,"column":14},"end":{"line":74,"column":15}},"loc":{"start":{"line":74,"column":30},"end":{"line":81,"column":7}},"line":74},"11":{"name":"(anonymous_11)","decl":{"start":{"line":81,"column":15},"end":{"line":81,"column":16}},"loc":{"start":{"line":81,"column":32},"end":{"line":83,"column":7}},"line":81},"12":{"name":"(anonymous_12)","decl":{"start":{"line":90,"column":11},"end":{"line":90,"column":12}},"loc":{"start":{"line":90,"column":23},"end":{"line":96,"column":5}},"line":90},"13":{"name":"render","decl":{"start":{"line":141,"column":9},"end":{"line":141,"column":15}},"loc":{"start":{"line":141,"column":30},"end":{"line":219,"column":1}},"line":141},"14":{"name":"(anonymous_14)","decl":{"start":{"line":150,"column":16},"end":{"line":150,"column":17}},"loc":{"start":{"line":150,"column":28},"end":{"line":156,"column":17}},"line":150},"15":{"name":"(anonymous_15)","decl":{"start":{"line":170,"column":77},"end":{"line":170,"column":78}},"loc":{"start":{"line":170,"column":95},"end":{"line":170,"column":130}},"line":170},"16":{"name":"(anonymous_16)","decl":{"start":{"line":183,"column":77},"end":{"line":183,"column":78}},"loc":{"start":{"line":183,"column":95},"end":{"line":183,"column":131}},"line":183},"17":{"name":"(anonymous_17)","decl":{"start":{"line":193,"column":28},"end":{"line":193,"column":29}},"loc":{"start":{"line":193,"column":40},"end":{"line":199,"column":29}},"line":193},"18":{"name":"(anonymous_18)","decl":{"start":{"line":211,"column":88},"end":{"line":211,"column":89}},"loc":{"start":{"line":211,"column":100},"end":{"line":211,"column":103}},"line":211}},"branchMap":{"0":{"loc":{"start":{"line":5,"column":16},"end":{"line":24,"column":3}},"type":"binary-expr","locations":[{"start":{"line":5,"column":16},"end":{"line":5,"column":20}},{"start":{"line":5,"column":24},"end":{"line":5,"column":38}},{"start":{"line":5,"column":42},"end":{"line":24,"column":3}}],"line":5},"1":{"loc":{"start":{"line":7,"column":20},"end":{"line":13,"column":5}},"type":"binary-expr","locations":[{"start":{"line":7,"column":20},"end":{"line":7,"column":41}},{"start":{"line":7,"column":45},"end":{"line":9,"column":22}},{"start":{"line":9,"column":26},"end":{"line":11,"column":5}},{"start":{"line":11,"column":9},"end":{"line":13,"column":5}}],"line":7},"2":{"loc":{"start":{"line":12,"column":23},"end":{"line":12,"column":83}},"type":"if","locations":[{"start":{"line":12,"column":23},"end":{"line":12,"column":83}},{"start":{},"end":{}}],"line":12},"3":{"loc":{"start":{"line":17,"column":4},"end":{"line":17,"column":137}},"type":"if","locations":[{"start":{"line":17,"column":4},"end":{"line":17,"column":137}},{"start":{},"end":{}}],"line":17},"4":{"loc":{"start":{"line":17,"column":8},"end":{"line":17,"column":45}},"type":"binary-expr","locations":[{"start":{"line":17,"column":8},"end":{"line":17,"column":31}},{"start":{"line":17,"column":35},"end":{"line":17,"column":45}}],"line":17},"5":{"loc":{"start":{"line":22,"column":18},"end":{"line":22,"column":88}},"type":"cond-expr","locations":[{"start":{"line":22,"column":31},"end":{"line":22,"column":47}},{"start":{"line":22,"column":51},"end":{"line":22,"column":87}}],"line":22},"6":{"loc":{"start":{"line":25,"column":22},"end":{"line":29,"column":1}},"type":"binary-expr","locations":[{"start":{"line":25,"column":22},"end":{"line":25,"column":26}},{"start":{"line":25,"column":30},"end":{"line":25,"column":50}},{"start":{"line":25,"column":54},"end":{"line":29,"column":1}}],"line":25},"7":{"loc":{"start":{"line":26,"column":9},"end":{"line":28,"column":3}},"type":"cond-expr","locations":[{"start":{"line":26,"column":33},"end":{"line":26,"column":36}},{"start":{"line":26,"column":39},"end":{"line":28,"column":3}}],"line":26},"8":{"loc":{"start":{"line":26,"column":9},"end":{"line":26,"column":30}},"type":"binary-expr","locations":[{"start":{"line":26,"column":9},"end":{"line":26,"column":12}},{"start":{"line":26,"column":16},"end":{"line":26,"column":30}}],"line":26},"9":{"loc":{"start":{"line":38,"column":16},"end":{"line":38,"column":72}},"type":"binary-expr","locations":[{"start":{"line":38,"column":16},"end":{"line":38,"column":31}},{"start":{"line":38,"column":35},"end":{"line":38,"column":64}},{"start":{"line":38,"column":68},"end":{"line":38,"column":72}}],"line":38},"10":{"loc":{"start":{"line":75,"column":20},"end":{"line":75,"column":71}},"type":"cond-expr","locations":[{"start":{"line":75,"column":49},"end":{"line":75,"column":51}},{"start":{"line":75,"column":54},"end":{"line":75,"column":71}}],"line":75},"11":{"loc":{"start":{"line":76,"column":8},"end":{"line":79,"column":9}},"type":"if","locations":[{"start":{"line":76,"column":8},"end":{"line":79,"column":9}},{"start":{},"end":{}}],"line":76},"12":{"loc":{"start":{"line":92,"column":6},"end":{"line":95,"column":7}},"type":"if","locations":[{"start":{"line":92,"column":6},"end":{"line":95,"column":7}},{"start":{},"end":{}}],"line":92},"13":{"loc":{"start":{"line":93,"column":24},"end":{"line":93,"column":70}},"type":"cond-expr","locations":[{"start":{"line":93,"column":51},"end":{"line":93,"column":61}},{"start":{"line":93,"column":64},"end":{"line":93,"column":70}}],"line":93},"14":{"loc":{"start":{"line":94,"column":28},"end":{"line":94,"column":74}},"type":"cond-expr","locations":[{"start":{"line":94,"column":55},"end":{"line":94,"column":60}},{"start":{"line":94,"column":63},"end":{"line":94,"column":74}}],"line":94},"15":{"loc":{"start":{"line":148,"column":26},"end":{"line":156,"column":32}},"type":"binary-expr","locations":[{"start":{"line":148,"column":26},"end":{"line":148,"column":35}},{"start":{"line":148,"column":40},"end":{"line":156,"column":31}}],"line":148},"16":{"loc":{"start":{"line":155,"column":28},"end":{"line":155,"column":70}},"type":"binary-expr","locations":[{"start":{"line":155,"column":28},"end":{"line":155,"column":38}},{"start":{"line":155,"column":42},"end":{"line":155,"column":70}}],"line":155},"17":{"loc":{"start":{"line":170,"column":51},"end":{"line":170,"column":131}},"type":"binary-expr","locations":[{"start":{"line":170,"column":51},"end":{"line":170,"column":60}},{"start":{"line":170,"column":65},"end":{"line":170,"column":130}}],"line":170},"18":{"loc":{"start":{"line":183,"column":51},"end":{"line":183,"column":132}},"type":"binary-expr","locations":[{"start":{"line":183,"column":51},"end":{"line":183,"column":60}},{"start":{"line":183,"column":65},"end":{"line":183,"column":131}}],"line":183},"19":{"loc":{"start":{"line":191,"column":37},"end":{"line":199,"column":44}},"type":"binary-expr","locations":[{"start":{"line":191,"column":37},"end":{"line":191,"column":46}},{"start":{"line":191,"column":51},"end":{"line":199,"column":43}}],"line":191},"20":{"loc":{"start":{"line":198,"column":40},"end":{"line":198,"column":96}},"type":"binary-expr","locat
[...]
1511":" ","1512":" ","1513":" ","1514":" ","1515":" ","1516":" ","1517":" ","1518":" ","1519":"<","1520":"t","1521":"h","1522":" ","1523":"s","1524":"c","1525":"o","1526":"p","1527":"e","1528":"=","1529":"\\","1530":"\"","1531":"c","1532":"o","1533":"l","1534":"\\","1535":"\"","1536":">","1537":"D","1538":"e","1539":"s","1540":"c","1541":"r","1542":"i","1543":"p","1544":"c","1545":"i","1546":"&","1547":"o","1548":"a","1549":"c","1550":"u","1551":"t","1552":"e","1553":";","1554":"n","1555":"<","1556":"/","1557":"t","1558":"h","1559":">","1560":"\\","1561":"r","1562":"\\","1563":"n","1564":" ","1565":" ","1566":" ","1567":" ","1568":" ","1569":" ","1570":" ","1571":" ","1572":" ","1573":" ","1574":" ","1575":" ","1576":"<","1577":"t","1578":"h","1579":" ","1580":"s","1581":"c","1582":"o","1583":"p","1584":"e","1585":"=","1586":"\\","1587":"\"","1588":"c","1589":"o","1590":"l","1591":"\\","1592":"\"","1593":">","1594":"h","1595":"o","1596":"r","1597":"a","1598":"s","1599":"<","1600":"/","1601":"t","1602":"h","1603":">","1604":"\\","1605":"r","1606":"\\","1607":"n","1608":" ","1609":" ","1610":" ","1611":" ","1612":" ","1613":" ","1614":" ","1615":" ","1616":" ","1617":" ","1618":" ","1619":" ","1620":"<","1621":"t","1622":"h","1623":" ","1624":"s","1625":"c","1626":"o","1627":"p","1628":"e","1629":"=","1630":"\\","1631":"\"","1632":"c","1633":"o","1634":"l","1635":"\\","1636":"\"","1637":">","1638":"A","1639":"c","1640":"t","1641":"i","1642":"v","1643":"i","1644":"d","1645":"a","1646":"d","1647":"<","1648":"/","1649":"t","1650":"h","1651":">","1652":"\\","1653":"r","1654":"\\","1655":"n","1656":" ","1657":" ","1658":" ","1659":" ","1660":" ","1661":" ","1662":" ","1663":" ","1664":" ","1665":" ","1666":" ","1667":" ","1668":"<","1669":"t","1670":"h","1671":" ","1672":"s","1673":"c","1674":"o","1675":"p","1676":"e","1677":"=","1678":"\\","1679":"\"","1680":"c","1681":"o","1682":"l","1683":"\\","1684":"\"","1685":">","1686":"E","1687":"t","1688":"a","1689":"p","1690":"a","1691":"<","1692":"/","1693":"t","1694":"h","1695":">","1696":"\\","1697":"r","1698":"\\","1699":"n","1700":" ","1701":" ","1702":" ","1703":" ","1704":" ","1705":" ","1706":" ","1707":" ","1708":" ","1709":" ","1710":" ","1711":" ","1712":"<","1713":"t","1714":"h","1715":" ","1716":"s","1717":"c","1718":"o","1719":"p","1720":"e","1721":"=","1722":"\\","1723":"\"","1724":"c","1725":"o","1726":"l","1727":"\\","1728":"\"","1729":">","1730":"P","1731":"r","1732":"o","1733":"y","1734":"e","1735":"c","1736":"t","1737":"o","1738":"<","1739":"/","1740":"t","1741":"h","1742":">","1743":"\\","1744":"r","1745":"\\","1746":"n","1747":" ","1748":" ","1749":" ","1750":" ","1751":" ","1752":" ","1753":" ","1754":" ","1755":" ","1756":" ","1757":" ","1758":" ","1759":"<","1760":"t","1761":"h","1762":">","1763":"<","1764":"/","1765":"t","1766":"h","1767":">","1768":"\\","1769":"r","1770":"\\","1771":"n","1772":" ","1773":" ","1774":" ","1775":" ","1776":" ","1777":" ","1778":" ","1779":" ","1780":" ","1781":" ","1782":" ","1783":" ","1784":"<","1785":"t","1786":"h","1787":">","1788":"<","1789":"/","1790":"t","1791":"h","1792":">","1793":"\\","1794":"r","1795":"\\","1796":"n","1797":" ","1798":" ","1799":" ","1800":" ","1801":" ","1802":" ","1803":" ","1804":" ","1805":" ","1806":" ","1807":"<","1808":"/","1809":"t","1810":"r","1811":">","1812":"\\","1813":"r","1814":"\\","1815":"n","1816":" ","1817":" ","1818":" ","1819":" ","1820":" ","1821":" ","1822":" ","1823":" ","1824":"<","1825":"/","1826":"t","1827":"h","1828":"e","1829":"a","1830":"d","1831":">","1832":"\\","1833":"r","1834":"\\","1835":"n","1836":" ","1837":" ","1838":" ","1839":" ","1840":" ","1841":" ","1842":" ","1843":" ","1844":"<","1845":"t","1846":"b","1847":"o","1848":"d","1849":"y","1850":">","1851":"\\","1852":"r","1853":"\\","1854":"n","1855":" ","1856":" ","1857":" ","1858":" ","1859":" ","1860":" ","1861":" ","1862":" ","1863":" ","1864":" ","1865":"<","1866":"t","1867":"r","1868":">","1869":"\\","1870":"r","1871":"\\","1872":"n","1873":" ","1874":" ","1875":" ","1876":" ","1877":" ","1878":" ","1879":" ","1880":" ","1881":" ","1882":" ","1883":" ","1884":" ","1885":"<","1886":"t","1887":"d","1888":">","1889":"<","1890":"/","1891":"t","1892":"d","1893":">","1894":"\\","1895":"r","1896":"\\","1897":"n","1898":" ","1899":" ","1900":" ","1901":" ","1902":" ","1903":" ","1904":" ","1905":" ","1906":" ","1907":" ","1908":" ","1909":" ","1910":"<","1911":"t","1912":"d","1913":">","1914":"<","1915":"/","1916":"t","1917":"d","1918":">","1919":"\\","1920":"r","1921":"\\","1922":"n","1923":" ","1924":" ","1925":" ","1926":" ","1927":" ","1928":" ","1929":" ","1930":" ","1931":" ","1932":" ","1933":" ","1934":" ","1935":"<","1936":"t","1937":"d","1938":">","1939":"<","1940":"/","1941":"t","1942":"d","1943":">","1944":"\\","1945":"r","1946":"\\","1947":"n","1948":" ","1949":" ","1950":" ","1951":" ","1952":" ","1953":" ","1954":" ","1955":" ","1956":" ","1957":" ","1958":" ","1959":" ","1960":"<","1961":"t","1962":"d","1963":">","1964":"<","1965":"/","1966":"t","1967":"d","1968":">","1969":"\\","1970":"r","1971":"\\","1972":"n","1973":" ","1974":" ","1975":" ","1976":" ","1977":" ","1978":" ","1979":" ","1980":" ","1981":" ","1982":" ","1983":" ","1984":" ","1985":"<","1986":"t","1987":"d","1988":">","1989":"<","1990":"/","1991":"t","1992":"d","1993":">","1994":"\\","1995":"r","1996":"\\","1997":"n","1998":" ","1999":" ","2000":" ","2001":" ","2002":" ","2003":" ","2004":" ","2005":" ","2006":" ","2007":" ","2008":" ","2009":" ","2010":"<","2011":"t","2012":"d","2013":">","2014":"\\","2015":"r","2016":"\\","2017":"n","2018":" ","2019":" ","2020":" ","2021":" ","2022":" ","2023":" ","2024":" ","2025":" ","2026":" ","2027":" ","2028":" ","2029":" ","2030":" ","2031":" ","2032":"<","2033":"a","2034":"\\","2035":"r","2036":"\\","2037":"n","2038":" ","2039":" ","2040":" ","2041":" ","2042":" ","2043":" ","2044":" ","2045":" ","2046":" ","2047":" ","2048":" ","2049":" ","2050":" ","2051":" ","2052":" ","2053":" ","2054":"h","2055":"r","2056":"e","2057":"f","2058":"=","2059":"\\","2060":"\"","2061":"#","2062":"\\","2063":"\"","2064":"\\","2065":"r","2066":"\\","2067":"n","2068":" ","2069":" ","2070":" ","2071":" ","2072":" ","2073":" ","2074":" ","2075":" ","2076":" ","2077":" ","2078":" ","2079":" ","2080":" ","2081":" ","2082":" ","2083":" ","2084":"d","2085":"a","2086":"t","2087":"a","2088":"-","2089":"b","2090":"s","2091":"-","2092":"t","2093":"o","2094":"g","2095":"g","2096":"l","2097":"e","2098":"=","2099":"\\","2100":"\"","2101":"m","2102":"o","2103":"d","2104":"a","2105":"l","2106":"\\","2107":"\"","2108":"\\","2109":"r","2110":"\\","2111":"n","2112":" ","2113":" ","2114":" ","2115":" ","2116":" ","2117":" ","2118":" ","2119":" ","2120":" ","2121":" ","2122":" ","2123":" ","2124":" ","2125":" ","2126":" ","2127":" ","2128":"d","2129":"a","2130":"t","2131":"a","2132":"-","2133":"b","2134":"s","2135":"-","2136":"t","2137":"a","2138":"r","2139":"g","2140":"e","2141":"t","2142":"=","2143":"\\","2144":"\"","2145":"#","2146":"a","2147":"c","2148":"t","2149":"i","2150":"v","2151":"i","2152":"t","2153":"y","2154":"M","2155":"o","2156":"d","2157":"a","2158":"l","2159":"\\","2160":"\"","2161":"\\","2162":"r","2163":"\\","2164":"n","2165":" ","2166":" ","2167":" ","2168":" ","2169":" ","2170":" ","2171":" ","2172":" ","2173":" ","2174":" ","2175":" ","2176":" ","2177":" ","2178":" ","2179":" ","2180":" ","2181":"v","2182":"-","2183":"o","2184":"n","2185":":","2186":"c","2187":"l","2188":"i","2189":"c","2190":"k","2191":".","2192":"p","2193":"r","2194":"e","2195":"v","2196":"e","2197":"n","2198":"t","2199":"=","2200":"\\","2201":"\"","2202":"\\","2203":"\"","2204":"\\","2205":"r","2206":"\\","2207":"n","2208":" ","2209":" ","2210":" ","2211":" ","2212":" ","2213":" ","2214":" ","2215":" ","2216":" ","2217":" ","2218":" ","2219":" ","2220":" ","2221":" ","2222":">","2223":"\\","2224":"r","2225":"\\","2226":"n","2227":" ","2228":" ","2229":" ","2230":" ","2231":" ","2232":" ","2233":" ","2234":" ","2235":" ","2236":" ","2237":" ","2238":" ","2239":" ","2240":" ","2241":" ","2242":" ","2243":"<","2244":"i","2245":" ","2246":"c","2247":"l","2248":"a","2249":"s","2250":"s","2251":"=","2252":"\\","2253":"\"","2254":"f","2255":"a","2256":"-","2257":"s","2258":"o","2259":"l","2260":"i","2261":"d","2262":" ","2263":"f","2264":"a","2265":"-","2266":"p","2267":"e","2268":"n","2269":"\\","2270":"\"","2271":">","2272":"<","2273":"/","2274":"i","2275":">","2276":"\\","2277":"r","2278":"\\","2279":"n","2280":" ","2281":" ","2282":" ","2283":" ","2284":" ","2285":" ","2286":" ","2287":" ","2288":" ","2289":" ","2290":" ","2291":" ","2292":" ","2293":" ","2294":"<","2295":"/","2296":"a","2297":">","2298":"\\","2299":"r","2300":"\\","2301":"n","2302":" ","2303":" ","2304":" ","2305":" ","2306":" ","2307":" ","2308":" ","2309":" ","2310":" ","2311":" ","2312":" ","2313":" ","2314":"<","2315":"/","2316":"t","2317":"d","2318":">","2319":"\\","2320":"r","2321":"\\","2322":"n","2323":" ","2324":" ","2325":" ","2326":" ","2327":" ","2328":" ","2329":" ","2330":" ","2331":" ","2332":" ","2333":" ","2334":" ","2335":"<","2336":"t","2337":"d","2338":">","2339":"\\","2340":"r","2341":"\\","2342":"n","2343":" ","2344":" ","2345":" ","2346":" ","2347":" ","2348":" ","2349":" ","2350":" ","2351":" ","2352":" ","2353":" ","2354":" ","2355":" ","2356":" ","2357":"<","2358":"a","2359":" ","2360":"h","2361":"r","2362":"e","2363":"f","2364":"=","2365":"\\","2366":"\"","2367":"#","2368":"\\","2369":"\"","2370":" ","2371":"v","2372":"-","2373":"o","2374":"n","2375":":","2376":"c","2377":"l","2378":"i","2379":"c","2380":"k","2381":".","2382":"p","2383":"r","2384":"e","2385":"v","2386":"e","2387":"n","2388":"t","2389":"=","2390":"\\","2391":"\"","2392":"\\","2393":"\"","2394":">","2395":"\\","2396":"r","2397":"\\","2398":"n","2399":" ","2400":" ","2401":" ","2402":" ","2403":" ","2404":" ","2405":" ","2406":" ","2407":" ","2408":" ","2409":" ","2410":" ","2411":" ","2412":" ","2413":" ","2414":" ","2415":"<","2416":"i","2417":" ","2418":"c","2419":"l","2420":"a","2421":"s","2422":"s","2423":"=","2424":"\\","2425":"\"","2426":"f","2427":"a","2428":"-","2429":"s","2430":"o","2431":"l","2432":"i","2433":"d","2434":" ","2435":"f","2436":"a","2437":"-","2438":"t","2439":"r","2440":"a","2441":"s","2442":"h","2443":"\\","2444":"\"","2445":">","2446":"<","2447":"/","2448":"i","2449":">","2450":"\\","2451":"r","2452":"\\","2453":"n","2454":" ","2455":" ","2456":" ","2457":" ","2458":" ","2459":" ","2460":" ","2461":" ","2462":" ","2463":" ","2464":" ","2465":" ","2466":" ","2467":" ","2468":"<","2469":"/","2470":"a","2471":">","2472":"\\","2473":"r","2474":"\\","2475":"n","2476":" ","2477":" ","2478":" ","2479":" ","2480":" ","2481":" ","2482":" ","2483":" ","2484":" ","2485":" ","2486":" ","2487":" ","2488":"<","2489":"/","2490":"t","2491":"d","2492":">","2493":"\\","2494":"r","2495":"\\","2496":"n","2497":" ","2498":" ","2499":" ","2500":" ","2501":" ","2502":" ","2503":" ","2504":" ","2505":" ","2506":" ","2507":"<","2508":"/","2509":"t","2510":"r","2511":">","2512":"\\","2513":"r","2514":"\\","2515":"n","2516":" ","2517":" ","2518":" ","2519":" ","2520":" ","2521":" ","2522":" ","2523":" ","2524":"<","2525":"/","2526":"t","2527":"b","2528":"o","2529":"d","2530":"y","2531":">","2532":"\\","2533":"r","2534":"\\","2535":"n","2536":" ","2537":" ","2538":" ","2539":" ","2540":" ","2541":" ","2542":"<","2543":"/","2544":"t","2545":"a","2546":"b","2547":"l","2548":"e","2549":">","2550":"\\","2551":"r","2552":"\\","2553":"n","2554":" ","2555":" ","2556":" ","2557":" ","2558":"<","2559":"/","2560":"d","2561":"i","2562":"v","2563":">","2564":"\\","2565":"r","2566":"\\","2567":"n","2568":" ","2569":" ","2570":"<","2571":"/","2572":"d","2573":"i","2574":"v","2575":">","2576":"\\","2577":"r","2578":"\\","2579":"n","2580":"<","2581":"/","2582":"t","2583":"e","2584":"m","2585":"p","2586":"l","2587":"a","2588":"t","2589":"e","2590":">","2591":"\\","2592":"r","2593":"\\","2594":"n","2595":"\\","2596":"r","2597":"\\","2598":"n","2599":"<","2600":"s","2601":"c","2602":"r","2603":"i","2604":"p","2605":"t","2606":" ","2607":"l","2608":"a","2609":"n","2610":"g","2611":"=","2612":"\\","2613":"\"","2614":"t","2615":"s","2616":"\\","2617":"\"","2618":">","2619":"\\","2620":"r","2621":"\\","2622":"n","2623":"i","2624":"m","2625":"p","2626":"o","2627":"r","2628":"t","2629":" ","2630":"{","2631":" ","2632":"V","2633":"u","2634":"e","2635":" ","2636":"}","2637":" ","2638":"f","2639":"r","2640":"o","2641":"m","2642":" ","2643":"\\","2644":"\"","2645":"v","2646":"u","2647":"e","2648":"-","2649":"c","2650":"l","2651":"a","2652":"s","2653":"s","2654":"-","2655":"c","2656":"o","2657":"m","2658":"p","2659":"o","2660":"n","2661":"e","2662":"n","2663":"t","2664":"\\","2665":"\"","2666":";","2667":"\\","2668":"r","2669":"\\","2670":"n","2671":"e","2672":"x","2673":"p","2674":"o","2675":"r","2676":"t","2677":" ","2678":"d","2679":"e","2680":"f","2681":"a","2682":"u","2683":"l","2684":"t","2685":" ","2686":"c","2687":"l","2688":"a","2689":"s","2690":"s","2691":" ","2692":"R","2693":"e","2694":"p","2695":"o","2696":"r","2697":"t","2698":"C","2699":"r","2700":"u","2701":"d","2702":" ","2703":"e","2704":"x","2705":"t","2706":"e","2707":"n","2708":"d","2709":"s","2710":" ","2711":"V","2712":"u","2713":"e","2714":" ","2715":"{","2716":"}","2717":"\\","2718":"r","2719":"\\","2720":"n","2721":"<","2722":"/","2723":"s","2724":"c","2725":"r","2726":"i","2727":"p","2728":"t","2729":">","2730":"\\","2731":"r","2732":"\\","2733":"n","2734":"\\","2735":"r","2736":"\\","2737":"n","2738":"<","2739":"s","2740":"t","2741":"y","2742":"l","2743":"e","2744":" ","2745":"s","2746":"c","2747":"o","2748":"p","2749":"e","2750":"d","2751":" ","2752":"l","2753":"a","2754":"n","2755":"g","2756":"=","2757":"\\","2758":"\"","2759":"s","2760":"c","2761":"s","2762":"s","2763":"\\","2764":"\"","2765":">","2766":"\\","2767":"r","2768":"\\","2769":"n","2770":".","2771":"t","2772":"a","2773":"b","2774":"l","2775":"e","2776":"-","2777":"c","2778":"o","2779":"n","2780":"t","2781":"a","2782":"i","2783":"n","2784":" ","2785":"{","2786":"\\","2787":"r","2788":"\\","2789":"n","2790":" ","2791":" ","2792":"o","2793":"v","2794":"e","2795":"r","2796":"f","2797":"l","2798":"o","2799":"w","2800":":","2801":" ","2802":"a","2803":"u","2804":"t","2805":"o","2806":";","2807":"\\","2808":"r","2809":"\\","2810":"n","2811":" ","2812":" ","2813":"m","2814":"a","2815":"x","2816":"-","2817":"h","2818":"e","2819":"i","2820":"g","2821":"h","2822":"t","2823":":","2824":" ","2825":"3","2826":"8","2827":"0","2828":"p","2829":"x","2830":";","2831":"\\","2832":"r","2833":"\\","2834":"n","2835":"}","2836":"\\","2837":"r","2838":"\\","2839":"n","2840":"\\","2841":"r","2842":"\\","2843":"n","2844":".","2845":"r","2846":"i","2847":"g","2848":"h","2849":"t","2850":"-","2851":"s","2852":"e","2853":"a","2854":"r","2855":"c","2856":"h","2857":" ","2858":"{","2859":"\\","2860":"r","2861":"\\","2862":"n","2863":" ","2864":" ","2865":"w","2866":"i","2867":"d","2868":"t","2869":"h","2870":":","2871":" ","2872":"5","2873":"0","2874":"0","2875":"p","2876":"x","2877":";","2878":"\\","2879":"r","2880":"\\","2881":"n","2882":" ","2883":" ","2884":"m","2885":"a","2886":"r","2887":"g","2888":"i","2889":"n","2890":":","2891":" ","2892":"2","2893":"5","2894":"p","2895":"x","2896":";","2897":"\\","2898":"r","2899":"\\","2900":"n","2901":"}","2902":"\\","2903":"r","2904":"\\","2905":"n","2906":"\\","2907":"r","2908":"\\","2909":"n","2910":".","2911":"l","2912":"e","2913":"f","2914":"t","2915":"-","2916":"o","2917":"p","2918":"t","2919":"i","2920":"o","2921":"n","2922":"s","2923":" ","2924":"{","2925":"\\","2926":"r","2927":"\\","2928":"n","2929":" ","2930":" ","2931":"m","2932":"a","2933":"r","2934":"g","2935":"i","2936":"n","2937":":","2938":" ","2939":"a","2940":"u","2941":"t","2942":"o","2943":" ","2944":"2","2945":"5","2946":"p","2947":"x","2948":";","2949":"\\","2950":"r","2951":"\\","2952":"n","2953":" ","2954":" ","2955":"w","2956":"i","2957":"d","2958":"t","2959":"h","2960":":","2961":" ","2962":"1","2963":"0","2964":"0","2965":"%","2966":";","2967":"\\","2968":"r","2969":"\\","2970":"n","2971":" ","2972":" ","2973":"t","2974":"e","2975":"x","2976":"t","2977":"-","2978":"a","2979":"l","2980":"i","2981":"g","2982":"n","2983":":","2984":" ","2985":"l","2986":"e","2987":"f","2988":"t","2989":";","2990":"\\","2991":"r","2992":"\\","2993":"n","2994":"}","2995":"\\","2996":"r","2997":"\\","2998":"n","2999":"<","3000":"/","3001":"s","3002":"t","3003":"y","3004":"l","3005":"e","3006":">","3007":"\\","3008":"r","3009":"\\","3010":"n","3011":"\"","3012":"]","3013":"}"},"_coverageSchema":"1a1c01bbd47fc00a2c39e90264f33305004495a9","hash":"6d3c70293465db82555fca9cc6538f8628d98c50"}
,"C:\\Users\\uservk\\Desktop\\NuevoFrontend\\frontend\\src\\controllers\\RequestController.ts": {"path":"C:\\Users\\uservk\\Desktop\\NuevoFrontend\\frontend\\src\\controllers\\RequestController.ts","statementMap":{"0":{"start":{"line":1,"column":0},"end":{"line":1,"column":null}},"1":{"start":{"line":2,"column":0},"end":{"line":2,"column":null}},"2":{"start":{"line":4,"column":16},"end":{"line":12,"column":2}},"3":{"start":{"line":14,"column":0},"end":{"line":23,"column":null}},"4":{"start":{"line":16,"column":4},"end":{"line":16,"column":null}},"5":{"start":{"line":19,"column":23},"end":{"line":19,"column":37}},"6":{"start":{"line":20,"column":4},"end":{"line":20,"column":null}},"7":{"start":{"line":20,"column":23},"end":{"line":20,"column":null}},"8":{"start":{"line":21,"column":4},"end":{"line":21,"column":null}},"9":{"start":{"line":25,"column":0},"end":{"line":35,"column":null}},"10":{"start":{"line":27,"column":4},"end":{"line":27,"column":null}},"11":{"start":{"line":30,"column":4},"end":{"line":30,"column":null}},"12":{"start":{"line":33,"column":4},"end":{"line":33,"column":null}}},"fnMap":{"0":{"name":"(anonymous_1)","decl":{"start":{"line":15,"column":3},"end":{"line":15,"column":11}},"loc":{"start":{"line":15,"column":15},"end":{"line":17,"column":3}}},"1":{"name":"(anonymous_2)","decl":{"start":{"line":18,"column":3},"end":{"line":18,"column":8}},"loc":{"start":{"line":18,"column":12},"end":{"line":22,"column":3}}},"2":{"name":"(anonymous_3)","decl":{"start":{"line":26,"column":2},"end":{"line":26,"column":7}},"loc":{"start":{"line":26,"column":49},"end":{"line":28,"column":3}}},"3":{"name":"(anonymous_4)","decl":{"start":{"line":29,"column":2},"end":{"line":29,"column":16}},"loc":{"start":{"line":29,"column":30},"end":{"line":31,"column":3}}},"4":{"name":"(anonymous_5)","decl":{"start":{"line":32,"column":2},"end":{"line":32,"column":13}},"loc":{"start":{"line":32,"column":13},"end":{"line":34,"column":null}}}},"branchMap":{"0":{"loc":{"start":{"line":20,"column":4},"end":{"line":20,"column":null}},"type":"if","locations":[{"start":{"line":20,"column":4},"end":{"line":20,"column":null}}]}},"s":{"0":1,"1":1,"2":1,"3":1,"4":0,"5":0,"6":0,"7":0,"8":0,"9":1,"10":0,"11":0,"12":0},"f":{"0":0,"1":0,"2":0,"3":0,"4":0},"b":{"0":[0]}}
,"C:\\Users\\uservk\\Desktop\\NuevoFrontend\\frontend\\src\\router\\index.ts": {"path":"C:\\Users\\uservk\\Desktop\\NuevoFrontend\\frontend\\src\\router\\index.ts","statementMap":{"0":{"start":{"line":1,"column":0},"end":{"line":1,"column":null}},"1":{"start":{"line":2,"column":0},"end":{"line":2,"column":null}},"2":{"start":{"line":3,"column":0},"end":{"line":3,"column":null}},"3":{"start":{"line":4,"column":0},"end":{"line":4,"column":null}},"4":{"start":{"line":5,"column":0},"end":{"line":5,"column":null}},"5":{"start":{"line":6,"column":0},"end":{"line":6,"column":null}},"6":{"start":{"line":8,"column":38},"end":{"line":35,"column":null}},"7":{"start":{"line":38,"column":15},"end":{"line":41,"column":2}},"8":{"start":{"line":43,"column":0},"end":{"line":43,"column":null}}},"fnMap":{},"branchMap":{},"s":{"0":1,"1":1,"2":1,"3":1,"4":1,"5":1,"6":1,"7":1,"8":1},"f":{},"b":{}}
}
