TN:
SF:src\components\ErrorNotFound.vue
FN:13,render
FNF:1
FNH:1
FNDA:1,render
DA:2,1
DA:3,1
DA:4,1
DA:5,1
DA:6,1
DA:10,1
DA:14,1
DA:16,1
DA:17,1
LF:9
LH:9
BRF:0
BRH:0
end_of_record
TN:
SF:src\components\LoginForm.vue
FN:3,(anonymous_0)
FN:4,(anonymous_1)
FN:7,(anonymous_2)
FN:9,(anonymous_3)
FN:14,(anonymous_4)
FN:17,__
FN:27,(anonymous_6)
FN:29,LoginForm
FN:100,render
FN:133,(anonymous_9)
FN:144,(anonymous_10)
FNF:11
FNH:7
FNDA:1,(anonymous_0)
FNDA:1,(anonymous_1)
FNDA:0,(anonymous_2)
FNDA:0,(anonymous_3)
FNDA:1,(anonymous_4)
FNDA:1,__
FNDA:1,(anonymous_6)
FNDA:1,LoginForm
FNDA:1,render
FNDA:0,(anonymous_9)
FNDA:0,(anonymous_10)
DA:3,1
DA:4,1
DA:5,1
DA:8,0
DA:10,0
DA:12,1
DA:14,1
DA:15,1
DA:16,1
DA:18,1
DA:20,1
DA:23,1
DA:26,1
DA:27,1
DA:28,1
DA:30,1
DA:31,1
DA:37,1
DA:43,1
DA:49,1
DA:51,1
DA:53,1
DA:54,1
DA:55,1
DA:56,1
DA:57,1
DA:58,1
DA:59,1
DA:63,1
DA:64,1
DA:67,1
DA:68,1
DA:69,1
DA:70,1
DA:71,1
DA:75,1
DA:76,1
DA:77,1
DA:81,1
DA:82,1
DA:89,1
DA:90,1
DA:91,1
DA:94,1
DA:101,1
DA:102,1
DA:153,1
DA:155,1
DA:158,1
LF:49
LH:47
BRDA:3,0,0,1
BRDA:3,0,1,1
BRDA:3,0,2,1
BRDA:5,1,0,1
BRDA:5,1,1,0
BRDA:5,1,2,0
BRDA:5,1,3,0
BRDA:10,2,0,0
BRDA:10,2,1,0
BRDA:15,3,0,0
BRDA:15,3,1,1
BRDA:15,4,0,1
BRDA:15,4,1,0
BRDA:20,5,0,0
BRDA:20,5,1,1
BRDA:30,6,0,1
BRDA:30,6,1,1
BRDA:30,6,2,1
BRDA:133,7,0,1
BRDA:133,7,1,1
BRDA:144,8,0,1
BRDA:144,8,1,1
BRF:22
BRH:14
end_of_record
